CRITICAL - 2023-06-13 05:59:06 --> Undefined index: cover
in APPPATH\Views\Genre\semuagenre.php on line 24.
 1 APPPATH\Views\Genre\semuagenre.php(24): CodeIgniter\Debug\Exceptions->errorHandler(8, 'Undefined index: cover', 'C:\\xampp\\htdocs\\MI4B\\app\\Views\\Genre\\semuagenre.php', 24, [...])
 2 SYSTEMPATH\View\View.php(213): include('C:\\xampp\\htdocs\\MI4B\\app\\Views\\Genre\\semuagenre.php')
 3 SYSTEMPATH\View\View.php(216): CodeIgniter\View\View->CodeIgniter\View\{closure}()
 4 SYSTEMPATH\Common.php(1184): CodeIgniter\View\View->render('Genre/semuagenre', [], true)
 5 APPPATH\Controllers\Genre.php(28): view('Genre/semuagenre', [...])
 6 SYSTEMPATH\CodeIgniter.php(934): App\Controllers\Genre->all()
 7 SYSTEMPATH\CodeIgniter.php(499): CodeIgniter\CodeIgniter->runController(Object(App\Controllers\Genre))
 8 SYSTEMPATH\CodeIgniter.php(368): CodeIgniter\CodeIgniter->handleRequest(null, Object(Config\Cache), false)
 9 FCPATH\index.php(67): CodeIgniter\CodeIgniter->run()
10 SYSTEMPATH\Commands\Server\rewrite.php(47): require_once('C:\\xampp\\htdocs\\MI4B\\public\\index.php')
CRITICAL - 2023-06-13 06:00:07 --> Undefined index: nama_film
in APPPATH\Views\Genre\semuagenre.php on line 23.
 1 APPPATH\Views\Genre\semuagenre.php(23): CodeIgniter\Debug\Exceptions->errorHandler(8, 'Undefined index: nama_film', 'C:\\xampp\\htdocs\\MI4B\\app\\Views\\Genre\\semuagenre.php', 23, [...])
 2 SYSTEMPATH\View\View.php(213): include('C:\\xampp\\htdocs\\MI4B\\app\\Views\\Genre\\semuagenre.php')
 3 SYSTEMPATH\View\View.php(216): CodeIgniter\View\View->CodeIgniter\View\{closure}()
 4 SYSTEMPATH\Common.php(1184): CodeIgniter\View\View->render('Genre/semuagenre', [], true)
 5 APPPATH\Controllers\Genre.php(28): view('Genre/semuagenre', [...])
 6 SYSTEMPATH\CodeIgniter.php(934): App\Controllers\Genre->all()
 7 SYSTEMPATH\CodeIgniter.php(499): CodeIgniter\CodeIgniter->runController(Object(App\Controllers\Genre))
 8 SYSTEMPATH\CodeIgniter.php(368): CodeIgniter\CodeIgniter->handleRequest(null, Object(Config\Cache), false)
 9 FCPATH\index.php(67): CodeIgniter\CodeIgniter->run()
10 SYSTEMPATH\Commands\Server\rewrite.php(47): require_once('C:\\xampp\\htdocs\\MI4B\\public\\index.php')
CRITICAL - 2023-06-13 06:00:34 --> Undefined index: genre
in APPPATH\Views\Genre\semuagenre.php on line 23.
 1 APPPATH\Views\Genre\semuagenre.php(23): CodeIgniter\Debug\Exceptions->errorHandler(8, 'Undefined index: genre', 'C:\\xampp\\htdocs\\MI4B\\app\\Views\\Genre\\semuagenre.php', 23, [...])
 2 SYSTEMPATH\View\View.php(213): include('C:\\xampp\\htdocs\\MI4B\\app\\Views\\Genre\\semuagenre.php')
 3 SYSTEMPATH\View\View.php(216): CodeIgniter\View\View->CodeIgniter\View\{closure}()
 4 SYSTEMPATH\Common.php(1184): CodeIgniter\View\View->render('Genre/semuagenre', [], true)
 5 APPPATH\Controllers\Genre.php(28): view('Genre/semuagenre', [...])
 6 SYSTEMPATH\CodeIgniter.php(934): App\Controllers\Genre->all()
 7 SYSTEMPATH\CodeIgniter.php(499): CodeIgniter\CodeIgniter->runController(Object(App\Controllers\Genre))
 8 SYSTEMPATH\CodeIgniter.php(368): CodeIgniter\CodeIgniter->handleRequest(null, Object(Config\Cache), false)
 9 FCPATH\index.php(67): CodeIgniter\CodeIgniter->run()
10 SYSTEMPATH\Commands\Server\rewrite.php(47): require_once('C:\\xampp\\htdocs\\MI4B\\public\\index.php')
CRITICAL - 2023-06-13 06:02:35 --> Undefined index: genre
in APPPATH\Views\Genre\semuagenre.php on line 26.
 1 APPPATH\Views\Genre\semuagenre.php(26): CodeIgniter\Debug\Exceptions->errorHandler(8, 'Undefined index: genre', 'C:\\xampp\\htdocs\\MI4B\\app\\Views\\Genre\\semuagenre.php', 26, [...])
 2 SYSTEMPATH\View\View.php(213): include('C:\\xampp\\htdocs\\MI4B\\app\\Views\\Genre\\semuagenre.php')
 3 SYSTEMPATH\View\View.php(216): CodeIgniter\View\View->CodeIgniter\View\{closure}()
 4 SYSTEMPATH\Common.php(1184): CodeIgniter\View\View->render('Genre/semuagenre', [], true)
 5 APPPATH\Controllers\Genre.php(28): view('Genre/semuagenre', [...])
 6 SYSTEMPATH\CodeIgniter.php(934): App\Controllers\Genre->all()
 7 SYSTEMPATH\CodeIgniter.php(499): CodeIgniter\CodeIgniter->runController(Object(App\Controllers\Genre))
 8 SYSTEMPATH\CodeIgniter.php(368): CodeIgniter\CodeIgniter->handleRequest(null, Object(Config\Cache), false)
 9 FCPATH\index.php(67): CodeIgniter\CodeIgniter->run()
10 SYSTEMPATH\Commands\Server\rewrite.php(47): require_once('C:\\xampp\\htdocs\\MI4B\\public\\index.php')
CRITICAL - 2023-06-13 06:04:32 --> Undefined index: genre
in APPPATH\Views\Genre\semuagenre.php on line 24.
 1 APPPATH\Views\Genre\semuagenre.php(24): CodeIgniter\Debug\Exceptions->errorHandler(8, 'Undefined index: genre', 'C:\\xampp\\htdocs\\MI4B\\app\\Views\\Genre\\semuagenre.php', 24, [...])
 2 SYSTEMPATH\View\View.php(213): include('C:\\xampp\\htdocs\\MI4B\\app\\Views\\Genre\\semuagenre.php')
 3 SYSTEMPATH\View\View.php(216): CodeIgniter\View\View->CodeIgniter\View\{closure}()
 4 SYSTEMPATH\Common.php(1184): CodeIgniter\View\View->render('Genre/semuagenre', [], true)
 5 APPPATH\Controllers\Genre.php(28): view('Genre/semuagenre', [...])
 6 SYSTEMPATH\CodeIgniter.php(934): App\Controllers\Genre->all()
 7 SYSTEMPATH\CodeIgniter.php(499): CodeIgniter\CodeIgniter->runController(Object(App\Controllers\Genre))
 8 SYSTEMPATH\CodeIgniter.php(368): CodeIgniter\CodeIgniter->handleRequest(null, Object(Config\Cache), false)
 9 FCPATH\index.php(67): CodeIgniter\CodeIgniter->run()
10 SYSTEMPATH\Commands\Server\rewrite.php(47): require_once('C:\\xampp\\htdocs\\MI4B\\public\\index.php')
CRITICAL - 2023-06-13 06:13:11 --> Undefined variable: row
in APPPATH\Views\Genre\semuagenre.php on line 22.
 1 APPPATH\Views\Genre\semuagenre.php(22): CodeIgniter\Debug\Exceptions->errorHandler(8, 'Undefined variable: row', 'C:\\xampp\\htdocs\\MI4B\\app\\Views\\Genre\\semuagenre.php', 22, [...])
 2 SYSTEMPATH\View\View.php(213): include('C:\\xampp\\htdocs\\MI4B\\app\\Views\\Genre\\semuagenre.php')
 3 SYSTEMPATH\View\View.php(216): CodeIgniter\View\View->CodeIgniter\View\{closure}()
 4 SYSTEMPATH\Common.php(1184): CodeIgniter\View\View->render('Genre/semuagenre', [], true)
 5 APPPATH\Controllers\Genre.php(28): view('Genre/semuagenre', [...])
 6 SYSTEMPATH\CodeIgniter.php(934): App\Controllers\Genre->all()
 7 SYSTEMPATH\CodeIgniter.php(499): CodeIgniter\CodeIgniter->runController(Object(App\Controllers\Genre))
 8 SYSTEMPATH\CodeIgniter.php(368): CodeIgniter\CodeIgniter->handleRequest(null, Object(Config\Cache), false)
 9 FCPATH\index.php(67): CodeIgniter\CodeIgniter->run()
10 SYSTEMPATH\Commands\Server\rewrite.php(47): require_once('C:\\xampp\\htdocs\\MI4B\\public\\index.php')
CRITICAL - 2023-06-13 06:15:26 --> Undefined index: nama_Genre
in APPPATH\Views\Genre\index.php on line 20.
 1 APPPATH\Views\Genre\index.php(20): CodeIgniter\Debug\Exceptions->errorHandler(8, 'Undefined index: nama_Genre', 'C:\\xampp\\htdocs\\MI4B\\app\\Views\\Genre\\index.php', 20, [...])
 2 SYSTEMPATH\View\View.php(213): include('C:\\xampp\\htdocs\\MI4B\\app\\Views\\Genre\\index.php')
 3 SYSTEMPATH\View\View.php(216): CodeIgniter\View\View->CodeIgniter\View\{closure}()
 4 SYSTEMPATH\Common.php(1184): CodeIgniter\View\View->render('Genre/index', [], true)
 5 APPPATH\Controllers\Genre.php(22): view('Genre/index', [...])
 6 SYSTEMPATH\CodeIgniter.php(934): App\Controllers\Genre->index()
 7 SYSTEMPATH\CodeIgniter.php(499): CodeIgniter\CodeIgniter->runController(Object(App\Controllers\Genre))
 8 SYSTEMPATH\CodeIgniter.php(368): CodeIgniter\CodeIgniter->handleRequest(null, Object(Config\Cache), false)
 9 FCPATH\index.php(67): CodeIgniter\CodeIgniter->run()
10 SYSTEMPATH\Commands\Server\rewrite.php(47): require_once('C:\\xampp\\htdocs\\MI4B\\public\\index.php')
CRITICAL - 2023-06-13 06:33:23 --> Undefined index: createt_at
in APPPATH\Views\Genre\semuagenre.php on line 22.
 1 APPPATH\Views\Genre\semuagenre.php(22): CodeIgniter\Debug\Exceptions->errorHandler(8, 'Undefined index: createt_at', 'C:\\xampp\\htdocs\\MI4B\\app\\Views\\Genre\\semuagenre.php', 22, [...])
 2 SYSTEMPATH\View\View.php(213): include('C:\\xampp\\htdocs\\MI4B\\app\\Views\\Genre\\semuagenre.php')
 3 SYSTEMPATH\View\View.php(216): CodeIgniter\View\View->CodeIgniter\View\{closure}()
 4 SYSTEMPATH\Common.php(1184): CodeIgniter\View\View->render('Genre/semuagenre', [], true)
 5 APPPATH\Controllers\Genre.php(28): view('Genre/semuagenre', [...])
 6 SYSTEMPATH\CodeIgniter.php(934): App\Controllers\Genre->all()
 7 SYSTEMPATH\CodeIgniter.php(499): CodeIgniter\CodeIgniter->runController(Object(App\Controllers\Genre))
 8 SYSTEMPATH\CodeIgniter.php(368): CodeIgniter\CodeIgniter->handleRequest(null, Object(Config\Cache), false)
 9 FCPATH\index.php(67): CodeIgniter\CodeIgniter->run()
10 SYSTEMPATH\Commands\Server\rewrite.php(47): require_once('C:\\xampp\\htdocs\\MI4B\\public\\index.php')
CRITICAL - 2023-06-13 06:34:11 --> Undefined index: createt_at
in APPPATH\Views\Genre\semuagenre.php on line 24.
 1 APPPATH\Views\Genre\semuagenre.php(24): CodeIgniter\Debug\Exceptions->errorHandler(8, 'Undefined index: createt_at', 'C:\\xampp\\htdocs\\MI4B\\app\\Views\\Genre\\semuagenre.php', 24, [...])
 2 SYSTEMPATH\View\View.php(213): include('C:\\xampp\\htdocs\\MI4B\\app\\Views\\Genre\\semuagenre.php')
 3 SYSTEMPATH\View\View.php(216): CodeIgniter\View\View->CodeIgniter\View\{closure}()
 4 SYSTEMPATH\Common.php(1184): CodeIgniter\View\View->render('Genre/semuagenre', [], true)
 5 APPPATH\Controllers\Genre.php(28): view('Genre/semuagenre', [...])
 6 SYSTEMPATH\CodeIgniter.php(934): App\Controllers\Genre->all()
 7 SYSTEMPATH\CodeIgniter.php(499): CodeIgniter\CodeIgniter->runController(Object(App\Controllers\Genre))
 8 SYSTEMPATH\CodeIgniter.php(368): CodeIgniter\CodeIgniter->handleRequest(null, Object(Config\Cache), false)
 9 FCPATH\index.php(67): CodeIgniter\CodeIgniter->run()
10 SYSTEMPATH\Commands\Server\rewrite.php(47): require_once('C:\\xampp\\htdocs\\MI4B\\public\\index.php')
CRITICAL - 2023-06-13 06:35:05 --> Undefined index: createt_at
in APPPATH\Views\Genre\semuagenre.php on line 24.
 1 APPPATH\Views\Genre\semuagenre.php(24): CodeIgniter\Debug\Exceptions->errorHandler(8, 'Undefined index: createt_at', 'C:\\xampp\\htdocs\\MI4B\\app\\Views\\Genre\\semuagenre.php', 24, [...])
 2 SYSTEMPATH\View\View.php(213): include('C:\\xampp\\htdocs\\MI4B\\app\\Views\\Genre\\semuagenre.php')
 3 SYSTEMPATH\View\View.php(216): CodeIgniter\View\View->CodeIgniter\View\{closure}()
 4 SYSTEMPATH\Common.php(1184): CodeIgniter\View\View->render('Genre/semuagenre', [], true)
 5 APPPATH\Controllers\Genre.php(28): view('Genre/semuagenre', [...])
 6 SYSTEMPATH\CodeIgniter.php(934): App\Controllers\Genre->all()
 7 SYSTEMPATH\CodeIgniter.php(499): CodeIgniter\CodeIgniter->runController(Object(App\Controllers\Genre))
 8 SYSTEMPATH\CodeIgniter.php(368): CodeIgniter\CodeIgniter->handleRequest(null, Object(Config\Cache), false)
 9 FCPATH\index.php(67): CodeIgniter\CodeIgniter->run()
10 SYSTEMPATH\Commands\Server\rewrite.php(47): require_once('C:\\xampp\\htdocs\\MI4B\\public\\index.php')
CRITICAL - 2023-06-13 06:35:08 --> Undefined variable: Genre
in APPPATH\Views\Genre\index.php on line 23.
 1 APPPATH\Views\Genre\index.php(23): CodeIgniter\Debug\Exceptions->errorHandler(8, 'Undefined variable: Genre', 'C:\\xampp\\htdocs\\MI4B\\app\\Views\\Genre\\index.php', 23, [...])
 2 SYSTEMPATH\View\View.php(213): include('C:\\xampp\\htdocs\\MI4B\\app\\Views\\Genre\\index.php')
 3 SYSTEMPATH\View\View.php(216): CodeIgniter\View\View->CodeIgniter\View\{closure}()
 4 SYSTEMPATH\Common.php(1184): CodeIgniter\View\View->render('Genre/index', [], true)
 5 APPPATH\Controllers\Genre.php(22): view('Genre/index', [...])
 6 SYSTEMPATH\CodeIgniter.php(934): App\Controllers\Genre->index()
 7 SYSTEMPATH\CodeIgniter.php(499): CodeIgniter\CodeIgniter->runController(Object(App\Controllers\Genre))
 8 SYSTEMPATH\CodeIgniter.php(368): CodeIgniter\CodeIgniter->handleRequest(null, Object(Config\Cache), false)
 9 FCPATH\index.php(67): CodeIgniter\CodeIgniter->run()
10 SYSTEMPATH\Commands\Server\rewrite.php(47): require_once('C:\\xampp\\htdocs\\MI4B\\public\\index.php')
CRITICAL - 2023-06-13 06:36:06 --> Undefined variable: Genre
in APPPATH\Views\Genre\index.php on line 23.
 1 APPPATH\Views\Genre\index.php(23): CodeIgniter\Debug\Exceptions->errorHandler(8, 'Undefined variable: Genre', 'C:\\xampp\\htdocs\\MI4B\\app\\Views\\Genre\\index.php', 23, [...])
 2 SYSTEMPATH\View\View.php(213): include('C:\\xampp\\htdocs\\MI4B\\app\\Views\\Genre\\index.php')
 3 SYSTEMPATH\View\View.php(216): CodeIgniter\View\View->CodeIgniter\View\{closure}()
 4 SYSTEMPATH\Common.php(1184): CodeIgniter\View\View->render('Genre/index', [], true)
 5 APPPATH\Controllers\Genre.php(22): view('Genre/index', [...])
 6 SYSTEMPATH\CodeIgniter.php(934): App\Controllers\Genre->index()
 7 SYSTEMPATH\CodeIgniter.php(499): CodeIgniter\CodeIgniter->runController(Object(App\Controllers\Genre))
 8 SYSTEMPATH\CodeIgniter.php(368): CodeIgniter\CodeIgniter->handleRequest(null, Object(Config\Cache), false)
 9 FCPATH\index.php(67): CodeIgniter\CodeIgniter->run()
10 SYSTEMPATH\Commands\Server\rewrite.php(47): require_once('C:\\xampp\\htdocs\\MI4B\\public\\index.php')
CRITICAL - 2023-06-13 06:36:37 --> Undefined variable: Genre
in APPPATH\Views\Genre\index.php on line 23.
 1 APPPATH\Views\Genre\index.php(23): CodeIgniter\Debug\Exceptions->errorHandler(8, 'Undefined variable: Genre', 'C:\\xampp\\htdocs\\MI4B\\app\\Views\\Genre\\index.php', 23, [...])
 2 SYSTEMPATH\View\View.php(213): include('C:\\xampp\\htdocs\\MI4B\\app\\Views\\Genre\\index.php')
 3 SYSTEMPATH\View\View.php(216): CodeIgniter\View\View->CodeIgniter\View\{closure}()
 4 SYSTEMPATH\Common.php(1184): CodeIgniter\View\View->render('Genre/index', [], true)
 5 APPPATH\Controllers\Genre.php(22): view('Genre/index', [...])
 6 SYSTEMPATH\CodeIgniter.php(934): App\Controllers\Genre->index()
 7 SYSTEMPATH\CodeIgniter.php(499): CodeIgniter\CodeIgniter->runController(Object(App\Controllers\Genre))
 8 SYSTEMPATH\CodeIgniter.php(368): CodeIgniter\CodeIgniter->handleRequest(null, Object(Config\Cache), false)
 9 FCPATH\index.php(67): CodeIgniter\CodeIgniter->run()
10 SYSTEMPATH\Commands\Server\rewrite.php(47): require_once('C:\\xampp\\htdocs\\MI4B\\public\\index.php')
CRITICAL - 2023-06-13 07:26:08 --> Undefined index: createt_at
in APPPATH\Views\Genre\semuagenre.php on line 25.
 1 APPPATH\Views\Genre\semuagenre.php(25): CodeIgniter\Debug\Exceptions->errorHandler(8, 'Undefined index: createt_at', 'C:\\xampp\\htdocs\\MI4B\\app\\Views\\Genre\\semuagenre.php', 25, [...])
 2 SYSTEMPATH\View\View.php(213): include('C:\\xampp\\htdocs\\MI4B\\app\\Views\\Genre\\semuagenre.php')
 3 SYSTEMPATH\View\View.php(216): CodeIgniter\View\View->CodeIgniter\View\{closure}()
 4 SYSTEMPATH\Common.php(1184): CodeIgniter\View\View->render('Genre/semuagenre', [], true)
 5 APPPATH\Controllers\Genre.php(28): view('Genre/semuagenre', [...])
 6 SYSTEMPATH\CodeIgniter.php(934): App\Controllers\Genre->all()
 7 SYSTEMPATH\CodeIgniter.php(499): CodeIgniter\CodeIgniter->runController(Object(App\Controllers\Genre))
 8 SYSTEMPATH\CodeIgniter.php(368): CodeIgniter\CodeIgniter->handleRequest(null, Object(Config\Cache), false)
 9 FCPATH\index.php(67): CodeIgniter\CodeIgniter->run()
10 SYSTEMPATH\Commands\Server\rewrite.php(47): require_once('C:\\xampp\\htdocs\\MI4B\\public\\index.php')
CRITICAL - 2023-06-13 07:27:35 --> Undefined variable: Genre
in APPPATH\Views\Genre\index.php on line 23.
 1 APPPATH\Views\Genre\index.php(23): CodeIgniter\Debug\Exceptions->errorHandler(8, 'Undefined variable: Genre', 'C:\\xampp\\htdocs\\MI4B\\app\\Views\\Genre\\index.php', 23, [...])
 2 SYSTEMPATH\View\View.php(213): include('C:\\xampp\\htdocs\\MI4B\\app\\Views\\Genre\\index.php')
 3 SYSTEMPATH\View\View.php(216): CodeIgniter\View\View->CodeIgniter\View\{closure}()
 4 SYSTEMPATH\Common.php(1184): CodeIgniter\View\View->render('Genre/index', [], true)
 5 APPPATH\Controllers\Genre.php(22): view('Genre/index', [...])
 6 SYSTEMPATH\CodeIgniter.php(934): App\Controllers\Genre->index()
 7 SYSTEMPATH\CodeIgniter.php(499): CodeIgniter\CodeIgniter->runController(Object(App\Controllers\Genre))
 8 SYSTEMPATH\CodeIgniter.php(368): CodeIgniter\CodeIgniter->handleRequest(null, Object(Config\Cache), false)
 9 FCPATH\index.php(67): CodeIgniter\CodeIgniter->run()
10 SYSTEMPATH\Commands\Server\rewrite.php(47): require_once('C:\\xampp\\htdocs\\MI4B\\public\\index.php')
CRITICAL - 2023-06-13 07:37:06 --> Invalid file: "Genre/index.php"
in SYSTEMPATH\Exceptions\FrameworkException.php on line 33.
 1 SYSTEMPATH\View\View.php(201): CodeIgniter\Exceptions\FrameworkException::forInvalidFile('Genre/index.php')
 2 SYSTEMPATH\Common.php(1184): CodeIgniter\View\View->render('Genre/index', [], true)
 3 APPPATH\Controllers\Genre.php(22): view('Genre/index', [...])
 4 SYSTEMPATH\CodeIgniter.php(934): App\Controllers\Genre->index()
 5 SYSTEMPATH\CodeIgniter.php(499): CodeIgniter\CodeIgniter->runController(Object(App\Controllers\Genre))
 6 SYSTEMPATH\CodeIgniter.php(368): CodeIgniter\CodeIgniter->handleRequest(null, Object(Config\Cache), false)
 7 FCPATH\index.php(67): CodeIgniter\CodeIgniter->run()
 8 SYSTEMPATH\Commands\Server\rewrite.php(47): require_once('C:\\xampp\\htdocs\\MI4B\\public\\index.php')
CRITICAL - 2023-06-13 07:46:06 --> Undefined index: genre
in APPPATH\Views\Film\semuafilm.php on line 27.
 1 APPPATH\Views\Film\semuafilm.php(27): CodeIgniter\Debug\Exceptions->errorHandler(8, 'Undefined index: genre', 'C:\\xampp\\htdocs\\MI4B\\app\\Views\\Film\\semuafilm.php', 27, [...])
 2 SYSTEMPATH\View\View.php(213): include('C:\\xampp\\htdocs\\MI4B\\app\\Views\\Film\\semuafilm.php')
 3 SYSTEMPATH\View\View.php(216): CodeIgniter\View\View->CodeIgniter\View\{closure}()
 4 SYSTEMPATH\Common.php(1184): CodeIgniter\View\View->render('Film/semuafilm', [], true)
 5 APPPATH\Controllers\Film.php(28): view('Film/semuafilm', [...])
 6 SYSTEMPATH\CodeIgniter.php(934): App\Controllers\Film->all()
 7 SYSTEMPATH\CodeIgniter.php(499): CodeIgniter\CodeIgniter->runController(Object(App\Controllers\Film))
 8 SYSTEMPATH\CodeIgniter.php(368): CodeIgniter\CodeIgniter->handleRequest(null, Object(Config\Cache), false)
 9 FCPATH\index.php(67): CodeIgniter\CodeIgniter->run()
10 SYSTEMPATH\Commands\Server\rewrite.php(47): require_once('C:\\xampp\\htdocs\\MI4B\\public\\index.php')
CRITICAL - 2023-06-13 07:46:09 --> Undefined index: genre
in APPPATH\Views\Film\semuafilm.php on line 27.
 1 APPPATH\Views\Film\semuafilm.php(27): CodeIgniter\Debug\Exceptions->errorHandler(8, 'Undefined index: genre', 'C:\\xampp\\htdocs\\MI4B\\app\\Views\\Film\\semuafilm.php', 27, [...])
 2 SYSTEMPATH\View\View.php(213): include('C:\\xampp\\htdocs\\MI4B\\app\\Views\\Film\\semuafilm.php')
 3 SYSTEMPATH\View\View.php(216): CodeIgniter\View\View->CodeIgniter\View\{closure}()
 4 SYSTEMPATH\Common.php(1184): CodeIgniter\View\View->render('Film/semuafilm', [], true)
 5 APPPATH\Controllers\Film.php(28): view('Film/semuafilm', [...])
 6 SYSTEMPATH\CodeIgniter.php(934): App\Controllers\Film->all()
 7 SYSTEMPATH\CodeIgniter.php(499): CodeIgniter\CodeIgniter->runController(Object(App\Controllers\Film))
 8 SYSTEMPATH\CodeIgniter.php(368): CodeIgniter\CodeIgniter->handleRequest(null, Object(Config\Cache), false)
 9 FCPATH\index.php(67): CodeIgniter\CodeIgniter->run()
10 SYSTEMPATH\Commands\Server\rewrite.php(47): require_once('C:\\xampp\\htdocs\\MI4B\\public\\index.php')
CRITICAL - 2023-06-13 07:46:28 --> Undefined index: genre
in APPPATH\Views\Film\semuafilm.php on line 27.
 1 APPPATH\Views\Film\semuafilm.php(27): CodeIgniter\Debug\Exceptions->errorHandler(8, 'Undefined index: genre', 'C:\\xampp\\htdocs\\MI4B\\app\\Views\\Film\\semuafilm.php', 27, [...])
 2 SYSTEMPATH\View\View.php(213): include('C:\\xampp\\htdocs\\MI4B\\app\\Views\\Film\\semuafilm.php')
 3 SYSTEMPATH\View\View.php(216): CodeIgniter\View\View->CodeIgniter\View\{closure}()
 4 SYSTEMPATH\Common.php(1184): CodeIgniter\View\View->render('Film/semuafilm', [], true)
 5 APPPATH\Controllers\Film.php(28): view('Film/semuafilm', [...])
 6 SYSTEMPATH\CodeIgniter.php(934): App\Controllers\Film->all()
 7 SYSTEMPATH\CodeIgniter.php(499): CodeIgniter\CodeIgniter->runController(Object(App\Controllers\Film))
 8 SYSTEMPATH\CodeIgniter.php(368): CodeIgniter\CodeIgniter->handleRequest(null, Object(Config\Cache), false)
 9 FCPATH\index.php(67): CodeIgniter\CodeIgniter->run()
10 SYSTEMPATH\Commands\Server\rewrite.php(47): require_once('C:\\xampp\\htdocs\\MI4B\\public\\index.php')
CRITICAL - 2023-06-13 07:54:41 --> Undefined index: genre
in APPPATH\Views\Film\semuafilm.php on line 27.
 1 APPPATH\Views\Film\semuafilm.php(27): CodeIgniter\Debug\Exceptions->errorHandler(8, 'Undefined index: genre', 'C:\\xampp\\htdocs\\MI4B\\app\\Views\\Film\\semuafilm.php', 27, [...])
 2 SYSTEMPATH\View\View.php(213): include('C:\\xampp\\htdocs\\MI4B\\app\\Views\\Film\\semuafilm.php')
 3 SYSTEMPATH\View\View.php(216): CodeIgniter\View\View->CodeIgniter\View\{closure}()
 4 SYSTEMPATH\Common.php(1184): CodeIgniter\View\View->render('Film/semuafilm', [], true)
 5 APPPATH\Controllers\Film.php(28): view('Film/semuafilm', [...])
 6 SYSTEMPATH\CodeIgniter.php(934): App\Controllers\Film->all()
 7 SYSTEMPATH\CodeIgniter.php(499): CodeIgniter\CodeIgniter->runController(Object(App\Controllers\Film))
 8 SYSTEMPATH\CodeIgniter.php(368): CodeIgniter\CodeIgniter->handleRequest(null, Object(Config\Cache), false)
 9 FCPATH\index.php(67): CodeIgniter\CodeIgniter->run()
10 SYSTEMPATH\Commands\Server\rewrite.php(47): require_once('C:\\xampp\\htdocs\\MI4B\\public\\index.php')
CRITICAL - 2023-06-13 07:54:42 --> Undefined index: genre
in APPPATH\Views\Film\semuafilm.php on line 27.
 1 APPPATH\Views\Film\semuafilm.php(27): CodeIgniter\Debug\Exceptions->errorHandler(8, 'Undefined index: genre', 'C:\\xampp\\htdocs\\MI4B\\app\\Views\\Film\\semuafilm.php', 27, [...])
 2 SYSTEMPATH\View\View.php(213): include('C:\\xampp\\htdocs\\MI4B\\app\\Views\\Film\\semuafilm.php')
 3 SYSTEMPATH\View\View.php(216): CodeIgniter\View\View->CodeIgniter\View\{closure}()
 4 SYSTEMPATH\Common.php(1184): CodeIgniter\View\View->render('Film/semuafilm', [], true)
 5 APPPATH\Controllers\Film.php(28): view('Film/semuafilm', [...])
 6 SYSTEMPATH\CodeIgniter.php(934): App\Controllers\Film->all()
 7 SYSTEMPATH\CodeIgniter.php(499): CodeIgniter\CodeIgniter->runController(Object(App\Controllers\Film))
 8 SYSTEMPATH\CodeIgniter.php(368): CodeIgniter\CodeIgniter->handleRequest(null, Object(Config\Cache), false)
 9 FCPATH\index.php(67): CodeIgniter\CodeIgniter->run()
10 SYSTEMPATH\Commands\Server\rewrite.php(47): require_once('C:\\xampp\\htdocs\\MI4B\\public\\index.php')
