CRITICAL - 2023-06-06 05:04:22 --> Undefined variable: data_film
in APPPATH\Views\Film\index.php on line 18.
 1 APPPATH\Views\Film\index.php(18): CodeIgniter\Debug\Exceptions->errorHandler(8, 'Undefined variable: data_film', 'C:\\xampp\\htdocs\\MI4B\\app\\Views\\Film\\index.php', 18, [...])
 2 SYSTEMPATH\View\View.php(213): include('C:\\xampp\\htdocs\\MI4B\\app\\Views\\Film\\index.php')
 3 SYSTEMPATH\View\View.php(216): CodeIgniter\View\View->CodeIgniter\View\{closure}()
 4 SYSTEMPATH\Common.php(1184): CodeIgniter\View\View->render('Film/index', [], true)
 5 APPPATH\Controllers\Gambar.php(22): view('Film/index', [...])
 6 SYSTEMPATH\CodeIgniter.php(934): App\Controllers\Gambar->index()
 7 SYSTEMPATH\CodeIgniter.php(499): CodeIgniter\CodeIgniter->runController(Object(App\Controllers\Gambar))
 8 SYSTEMPATH\CodeIgniter.php(368): CodeIgniter\CodeIgniter->handleRequest(null, Object(Config\Cache), false)
 9 FCPATH\index.php(67): CodeIgniter\CodeIgniter->run()
10 SYSTEMPATH\Commands\Server\rewrite.php(47): require_once('C:\\xampp\\htdocs\\MI4B\\public\\index.php')
CRITICAL - 2023-06-06 05:04:59 --> Undefined variable: data_film
in APPPATH\Views\Film\index.php on line 18.
 1 APPPATH\Views\Film\index.php(18): CodeIgniter\Debug\Exceptions->errorHandler(8, 'Undefined variable: data_film', 'C:\\xampp\\htdocs\\MI4B\\app\\Views\\Film\\index.php', 18, [...])
 2 SYSTEMPATH\View\View.php(213): include('C:\\xampp\\htdocs\\MI4B\\app\\Views\\Film\\index.php')
 3 SYSTEMPATH\View\View.php(216): CodeIgniter\View\View->CodeIgniter\View\{closure}()
 4 SYSTEMPATH\Common.php(1184): CodeIgniter\View\View->render('Film/index', [], true)
 5 APPPATH\Controllers\Gambar.php(22): view('Film/index', [...])
 6 SYSTEMPATH\CodeIgniter.php(934): App\Controllers\Gambar->index()
 7 SYSTEMPATH\CodeIgniter.php(499): CodeIgniter\CodeIgniter->runController(Object(App\Controllers\Gambar))
 8 SYSTEMPATH\CodeIgniter.php(368): CodeIgniter\CodeIgniter->handleRequest(null, Object(Config\Cache), false)
 9 FCPATH\index.php(67): CodeIgniter\CodeIgniter->run()
10 SYSTEMPATH\Commands\Server\rewrite.php(47): require_once('C:\\xampp\\htdocs\\MI4B\\public\\index.php')
CRITICAL - 2023-06-06 05:44:55 --> Undefined variable: data_film
in APPPATH\Views\Film\index.php on line 18.
 1 APPPATH\Views\Film\index.php(18): CodeIgniter\Debug\Exceptions->errorHandler(8, 'Undefined variable: data_film', 'C:\\xampp\\htdocs\\MI4B\\app\\Views\\Film\\index.php', 18, [...])
 2 SYSTEMPATH\View\View.php(213): include('C:\\xampp\\htdocs\\MI4B\\app\\Views\\Film\\index.php')
 3 SYSTEMPATH\View\View.php(216): CodeIgniter\View\View->CodeIgniter\View\{closure}()
 4 SYSTEMPATH\Common.php(1184): CodeIgniter\View\View->render('Film/index', [], true)
 5 APPPATH\Controllers\Gambar.php(22): view('Film/index', [...])
 6 SYSTEMPATH\CodeIgniter.php(934): App\Controllers\Gambar->index()
 7 SYSTEMPATH\CodeIgniter.php(499): CodeIgniter\CodeIgniter->runController(Object(App\Controllers\Gambar))
 8 SYSTEMPATH\CodeIgniter.php(368): CodeIgniter\CodeIgniter->handleRequest(null, Object(Config\Cache), false)
 9 FCPATH\index.php(67): CodeIgniter\CodeIgniter->run()
10 SYSTEMPATH\Commands\Server\rewrite.php(47): require_once('C:\\xampp\\htdocs\\MI4B\\public\\index.php')
CRITICAL - 2023-06-06 05:50:06 --> Undefined variable: data_film
in APPPATH\Views\Film\index.php on line 18.
 1 APPPATH\Views\Film\index.php(18): CodeIgniter\Debug\Exceptions->errorHandler(8, 'Undefined variable: data_film', 'C:\\xampp\\htdocs\\MI4B\\app\\Views\\Film\\index.php', 18, [...])
 2 SYSTEMPATH\View\View.php(213): include('C:\\xampp\\htdocs\\MI4B\\app\\Views\\Film\\index.php')
 3 SYSTEMPATH\View\View.php(216): CodeIgniter\View\View->CodeIgniter\View\{closure}()
 4 SYSTEMPATH\Common.php(1184): CodeIgniter\View\View->render('Film/index', [], true)
 5 APPPATH\Controllers\Gambar.php(22): view('Film/index', [...])
 6 SYSTEMPATH\CodeIgniter.php(934): App\Controllers\Gambar->index()
 7 SYSTEMPATH\CodeIgniter.php(499): CodeIgniter\CodeIgniter->runController(Object(App\Controllers\Gambar))
 8 SYSTEMPATH\CodeIgniter.php(368): CodeIgniter\CodeIgniter->handleRequest(null, Object(Config\Cache), false)
 9 FCPATH\index.php(67): CodeIgniter\CodeIgniter->run()
10 SYSTEMPATH\Commands\Server\rewrite.php(47): require_once('C:\\xampp\\htdocs\\MI4B\\public\\index.php')
