CRITICAL - 2023-06-21 00:41:49 --> Invalid file: "film/add.php"
in SYSTEMPATH\Exceptions\FrameworkException.php on line 33.
 1 SYSTEMPATH\View\View.php(201): CodeIgniter\Exceptions\FrameworkException::forInvalidFile('film/add.php')
 2 SYSTEMPATH\Common.php(1184): CodeIgniter\View\View->render('film/add', [], true)
 3 APPPATH\Controllers\Film.php(32): view('film/add')
 4 SYSTEMPATH\CodeIgniter.php(934): App\Controllers\Film->add()
 5 SYSTEMPATH\CodeIgniter.php(499): CodeIgniter\CodeIgniter->runController(Object(App\Controllers\Film))
 6 SYSTEMPATH\CodeIgniter.php(368): CodeIgniter\CodeIgniter->handleRequest(null, Object(Config\Cache), false)
 7 FCPATH\index.php(67): CodeIgniter\CodeIgniter->run()
 8 SYSTEMPATH\Commands\Server\rewrite.php(47): require_once('C:\\xampp\\htdocs\\MI4B\\public\\index.php')
CRITICAL - 2023-06-21 02:25:06 --> Undefined variable: genre
in APPPATH\Views\Film\add.php on line 28.
 1 APPPATH\Views\Film\add.php(28): CodeIgniter\Debug\Exceptions->errorHandler(8, 'Undefined variable: genre', 'C:\\xampp\\htdocs\\MI4B\\app\\Views\\Film\\add.php', 28, [])
 2 SYSTEMPATH\View\View.php(213): include('C:\\xampp\\htdocs\\MI4B\\app\\Views\\Film\\add.php')
 3 SYSTEMPATH\View\View.php(216): CodeIgniter\View\View->CodeIgniter\View\{closure}()
 4 SYSTEMPATH\Common.php(1184): CodeIgniter\View\View->render('film/add', [], true)
 5 APPPATH\Controllers\Film.php(32): view('film/add')
 6 SYSTEMPATH\CodeIgniter.php(934): App\Controllers\Film->add()
 7 SYSTEMPATH\CodeIgniter.php(499): CodeIgniter\CodeIgniter->runController(Object(App\Controllers\Film))
 8 SYSTEMPATH\CodeIgniter.php(368): CodeIgniter\CodeIgniter->handleRequest(null, Object(Config\Cache), false)
 9 FCPATH\index.php(67): CodeIgniter\CodeIgniter->run()
10 SYSTEMPATH\Commands\Server\rewrite.php(47): require_once('C:\\xampp\\htdocs\\MI4B\\public\\index.php')
CRITICAL - 2023-06-21 02:34:45 --> Undefined property: App\Controllers\Film::$genre
in APPPATH\Controllers\Film.php on line 35.
 1 APPPATH\Controllers\Film.php(35): CodeIgniter\Debug\Exceptions->errorHandler(8, 'Undefined property: App\\Controllers\\Film::$genre', 'C:\\xampp\\htdocs\\MI4B\\app\\Controllers\\Film.php', 35, [])
 2 SYSTEMPATH\CodeIgniter.php(934): App\Controllers\Film->add()
 3 SYSTEMPATH\CodeIgniter.php(499): CodeIgniter\CodeIgniter->runController(Object(App\Controllers\Film))
 4 SYSTEMPATH\CodeIgniter.php(368): CodeIgniter\CodeIgniter->handleRequest(null, Object(Config\Cache), false)
 5 FCPATH\index.php(67): CodeIgniter\CodeIgniter->run()
 6 SYSTEMPATH\Commands\Server\rewrite.php(47): require_once('C:\\xampp\\htdocs\\MI4B\\public\\index.php')
CRITICAL - 2023-06-21 02:34:46 --> Undefined property: App\Controllers\Film::$genre
in APPPATH\Controllers\Film.php on line 35.
 1 APPPATH\Controllers\Film.php(35): CodeIgniter\Debug\Exceptions->errorHandler(8, 'Undefined property: App\\Controllers\\Film::$genre', 'C:\\xampp\\htdocs\\MI4B\\app\\Controllers\\Film.php', 35, [])
 2 SYSTEMPATH\CodeIgniter.php(934): App\Controllers\Film->add()
 3 SYSTEMPATH\CodeIgniter.php(499): CodeIgniter\CodeIgniter->runController(Object(App\Controllers\Film))
 4 SYSTEMPATH\CodeIgniter.php(368): CodeIgniter\CodeIgniter->handleRequest(null, Object(Config\Cache), false)
 5 FCPATH\index.php(67): CodeIgniter\CodeIgniter->run()
 6 SYSTEMPATH\Commands\Server\rewrite.php(47): require_once('C:\\xampp\\htdocs\\MI4B\\public\\index.php')
CRITICAL - 2023-06-21 02:35:04 --> Call to a member function getAllData() on null
in APPPATH\Controllers\Film.php on line 35.
 1 SYSTEMPATH\CodeIgniter.php(934): App\Controllers\Film->add()
 2 SYSTEMPATH\CodeIgniter.php(499): CodeIgniter\CodeIgniter->runController(Object(App\Controllers\Film))
 3 SYSTEMPATH\CodeIgniter.php(368): CodeIgniter\CodeIgniter->handleRequest(null, Object(Config\Cache), false)
 4 FCPATH\index.php(67): CodeIgniter\CodeIgniter->run()
 5 SYSTEMPATH\Commands\Server\rewrite.php(47): require_once('C:\\xampp\\htdocs\\MI4B\\public\\index.php')
CRITICAL - 2023-06-21 02:35:28 --> Call to a member function getAllData() on null
in APPPATH\Controllers\Film.php on line 35.
 1 SYSTEMPATH\CodeIgniter.php(934): App\Controllers\Film->add()
 2 SYSTEMPATH\CodeIgniter.php(499): CodeIgniter\CodeIgniter->runController(Object(App\Controllers\Film))
 3 SYSTEMPATH\CodeIgniter.php(368): CodeIgniter\CodeIgniter->handleRequest(null, Object(Config\Cache), false)
 4 FCPATH\index.php(67): CodeIgniter\CodeIgniter->run()
 5 SYSTEMPATH\Commands\Server\rewrite.php(47): require_once('C:\\xampp\\htdocs\\MI4B\\public\\index.php')
CRITICAL - 2023-06-21 02:36:07 --> Call to a member function getAllData() on null
in APPPATH\Controllers\Film.php on line 35.
 1 SYSTEMPATH\CodeIgniter.php(934): App\Controllers\Film->add()
 2 SYSTEMPATH\CodeIgniter.php(499): CodeIgniter\CodeIgniter->runController(Object(App\Controllers\Film))
 3 SYSTEMPATH\CodeIgniter.php(368): CodeIgniter\CodeIgniter->handleRequest(null, Object(Config\Cache), false)
 4 FCPATH\index.php(67): CodeIgniter\CodeIgniter->run()
 5 SYSTEMPATH\Commands\Server\rewrite.php(47): require_once('C:\\xampp\\htdocs\\MI4B\\public\\index.php')
CRITICAL - 2023-06-21 02:36:35 --> Call to a member function getAllData() on null
in APPPATH\Controllers\Film.php on line 35.
 1 SYSTEMPATH\CodeIgniter.php(934): App\Controllers\Film->add()
 2 SYSTEMPATH\CodeIgniter.php(499): CodeIgniter\CodeIgniter->runController(Object(App\Controllers\Film))
 3 SYSTEMPATH\CodeIgniter.php(368): CodeIgniter\CodeIgniter->handleRequest(null, Object(Config\Cache), false)
 4 FCPATH\index.php(67): CodeIgniter\CodeIgniter->run()
 5 SYSTEMPATH\Commands\Server\rewrite.php(47): require_once('C:\\xampp\\htdocs\\MI4B\\public\\index.php')
CRITICAL - 2023-06-21 02:36:39 --> Undefined index: nama_film
in APPPATH\Views\Film\index.php on line 31.
 1 APPPATH\Views\Film\index.php(31): CodeIgniter\Debug\Exceptions->errorHandler(8, 'Undefined index: nama_film', 'C:\\xampp\\htdocs\\MI4B\\app\\Views\\Film\\index.php', 31, [...])
 2 SYSTEMPATH\View\View.php(213): include('C:\\xampp\\htdocs\\MI4B\\app\\Views\\Film\\index.php')
 3 SYSTEMPATH\View\View.php(216): CodeIgniter\View\View->CodeIgniter\View\{closure}()
 4 SYSTEMPATH\Common.php(1184): CodeIgniter\View\View->render('Film/index', [], true)
 5 APPPATH\Controllers\Film.php(25): view('Film/index', [...])
 6 SYSTEMPATH\CodeIgniter.php(934): App\Controllers\Film->index()
 7 SYSTEMPATH\CodeIgniter.php(499): CodeIgniter\CodeIgniter->runController(Object(App\Controllers\Film))
 8 SYSTEMPATH\CodeIgniter.php(368): CodeIgniter\CodeIgniter->handleRequest(null, Object(Config\Cache), false)
 9 FCPATH\index.php(67): CodeIgniter\CodeIgniter->run()
10 SYSTEMPATH\Commands\Server\rewrite.php(47): require_once('C:\\xampp\\htdocs\\MI4B\\public\\index.php')
CRITICAL - 2023-06-21 02:37:10 --> Undefined index: nama_film
in APPPATH\Views\Film\index.php on line 31.
 1 APPPATH\Views\Film\index.php(31): CodeIgniter\Debug\Exceptions->errorHandler(8, 'Undefined index: nama_film', 'C:\\xampp\\htdocs\\MI4B\\app\\Views\\Film\\index.php', 31, [...])
 2 SYSTEMPATH\View\View.php(213): include('C:\\xampp\\htdocs\\MI4B\\app\\Views\\Film\\index.php')
 3 SYSTEMPATH\View\View.php(216): CodeIgniter\View\View->CodeIgniter\View\{closure}()
 4 SYSTEMPATH\Common.php(1184): CodeIgniter\View\View->render('Film/index', [], true)
 5 APPPATH\Controllers\Film.php(25): view('Film/index', [...])
 6 SYSTEMPATH\CodeIgniter.php(934): App\Controllers\Film->index()
 7 SYSTEMPATH\CodeIgniter.php(499): CodeIgniter\CodeIgniter->runController(Object(App\Controllers\Film))
 8 SYSTEMPATH\CodeIgniter.php(368): CodeIgniter\CodeIgniter->handleRequest(null, Object(Config\Cache), false)
 9 FCPATH\index.php(67): CodeIgniter\CodeIgniter->run()
10 SYSTEMPATH\Commands\Server\rewrite.php(47): require_once('C:\\xampp\\htdocs\\MI4B\\public\\index.php')
CRITICAL - 2023-06-21 02:37:11 --> Undefined index: nama_film
in APPPATH\Views\Film\index.php on line 31.
 1 APPPATH\Views\Film\index.php(31): CodeIgniter\Debug\Exceptions->errorHandler(8, 'Undefined index: nama_film', 'C:\\xampp\\htdocs\\MI4B\\app\\Views\\Film\\index.php', 31, [...])
 2 SYSTEMPATH\View\View.php(213): include('C:\\xampp\\htdocs\\MI4B\\app\\Views\\Film\\index.php')
 3 SYSTEMPATH\View\View.php(216): CodeIgniter\View\View->CodeIgniter\View\{closure}()
 4 SYSTEMPATH\Common.php(1184): CodeIgniter\View\View->render('Film/index', [], true)
 5 APPPATH\Controllers\Film.php(25): view('Film/index', [...])
 6 SYSTEMPATH\CodeIgniter.php(934): App\Controllers\Film->index()
 7 SYSTEMPATH\CodeIgniter.php(499): CodeIgniter\CodeIgniter->runController(Object(App\Controllers\Film))
 8 SYSTEMPATH\CodeIgniter.php(368): CodeIgniter\CodeIgniter->handleRequest(null, Object(Config\Cache), false)
 9 FCPATH\index.php(67): CodeIgniter\CodeIgniter->run()
10 SYSTEMPATH\Commands\Server\rewrite.php(47): require_once('C:\\xampp\\htdocs\\MI4B\\public\\index.php')
CRITICAL - 2023-06-21 02:38:09 --> Undefined index: nama_film
in APPPATH\Views\Film\index.php on line 31.
 1 APPPATH\Views\Film\index.php(31): CodeIgniter\Debug\Exceptions->errorHandler(8, 'Undefined index: nama_film', 'C:\\xampp\\htdocs\\MI4B\\app\\Views\\Film\\index.php', 31, [...])
 2 SYSTEMPATH\View\View.php(213): include('C:\\xampp\\htdocs\\MI4B\\app\\Views\\Film\\index.php')
 3 SYSTEMPATH\View\View.php(216): CodeIgniter\View\View->CodeIgniter\View\{closure}()
 4 SYSTEMPATH\Common.php(1184): CodeIgniter\View\View->render('Film/index', [], true)
 5 APPPATH\Controllers\Film.php(25): view('Film/index', [...])
 6 SYSTEMPATH\CodeIgniter.php(934): App\Controllers\Film->index()
 7 SYSTEMPATH\CodeIgniter.php(499): CodeIgniter\CodeIgniter->runController(Object(App\Controllers\Film))
 8 SYSTEMPATH\CodeIgniter.php(368): CodeIgniter\CodeIgniter->handleRequest(null, Object(Config\Cache), false)
 9 FCPATH\index.php(67): CodeIgniter\CodeIgniter->run()
10 SYSTEMPATH\Commands\Server\rewrite.php(47): require_once('C:\\xampp\\htdocs\\MI4B\\public\\index.php')
CRITICAL - 2023-06-21 02:38:11 --> Undefined index: nama_film
in APPPATH\Views\Film\index.php on line 31.
 1 APPPATH\Views\Film\index.php(31): CodeIgniter\Debug\Exceptions->errorHandler(8, 'Undefined index: nama_film', 'C:\\xampp\\htdocs\\MI4B\\app\\Views\\Film\\index.php', 31, [...])
 2 SYSTEMPATH\View\View.php(213): include('C:\\xampp\\htdocs\\MI4B\\app\\Views\\Film\\index.php')
 3 SYSTEMPATH\View\View.php(216): CodeIgniter\View\View->CodeIgniter\View\{closure}()
 4 SYSTEMPATH\Common.php(1184): CodeIgniter\View\View->render('Film/index', [], true)
 5 APPPATH\Controllers\Film.php(25): view('Film/index', [...])
 6 SYSTEMPATH\CodeIgniter.php(934): App\Controllers\Film->index()
 7 SYSTEMPATH\CodeIgniter.php(499): CodeIgniter\CodeIgniter->runController(Object(App\Controllers\Film))
 8 SYSTEMPATH\CodeIgniter.php(368): CodeIgniter\CodeIgniter->handleRequest(null, Object(Config\Cache), false)
 9 FCPATH\index.php(67): CodeIgniter\CodeIgniter->run()
10 SYSTEMPATH\Commands\Server\rewrite.php(47): require_once('C:\\xampp\\htdocs\\MI4B\\public\\index.php')
CRITICAL - 2023-06-21 02:39:56 --> Undefined index: nama_film
in APPPATH\Views\Film\index.php on line 31.
 1 APPPATH\Views\Film\index.php(31): CodeIgniter\Debug\Exceptions->errorHandler(8, 'Undefined index: nama_film', 'C:\\xampp\\htdocs\\MI4B\\app\\Views\\Film\\index.php', 31, [...])
 2 SYSTEMPATH\View\View.php(213): include('C:\\xampp\\htdocs\\MI4B\\app\\Views\\Film\\index.php')
 3 SYSTEMPATH\View\View.php(216): CodeIgniter\View\View->CodeIgniter\View\{closure}()
 4 SYSTEMPATH\Common.php(1184): CodeIgniter\View\View->render('Film/index', [], true)
 5 APPPATH\Controllers\Film.php(25): view('Film/index', [...])
 6 SYSTEMPATH\CodeIgniter.php(934): App\Controllers\Film->index()
 7 SYSTEMPATH\CodeIgniter.php(499): CodeIgniter\CodeIgniter->runController(Object(App\Controllers\Film))
 8 SYSTEMPATH\CodeIgniter.php(368): CodeIgniter\CodeIgniter->handleRequest(null, Object(Config\Cache), false)
 9 FCPATH\index.php(67): CodeIgniter\CodeIgniter->run()
10 SYSTEMPATH\Commands\Server\rewrite.php(47): require_once('C:\\xampp\\htdocs\\MI4B\\public\\index.php')
CRITICAL - 2023-06-21 02:43:46 --> Undefined index: id
in APPPATH\Views\Film\add.php on line 29.
 1 APPPATH\Views\Film\add.php(29): CodeIgniter\Debug\Exceptions->errorHandler(8, 'Undefined index: id', 'C:\\xampp\\htdocs\\MI4B\\app\\Views\\Film\\add.php', 29, [...])
 2 SYSTEMPATH\View\View.php(213): include('C:\\xampp\\htdocs\\MI4B\\app\\Views\\Film\\add.php')
 3 SYSTEMPATH\View\View.php(216): CodeIgniter\View\View->CodeIgniter\View\{closure}()
 4 SYSTEMPATH\Common.php(1184): CodeIgniter\View\View->render('Film/add', [], true)
 5 APPPATH\Controllers\Film.php(36): view('Film/add', [...])
 6 SYSTEMPATH\CodeIgniter.php(934): App\Controllers\Film->add()
 7 SYSTEMPATH\CodeIgniter.php(499): CodeIgniter\CodeIgniter->runController(Object(App\Controllers\Film))
 8 SYSTEMPATH\CodeIgniter.php(368): CodeIgniter\CodeIgniter->handleRequest(null, Object(Config\Cache), false)
 9 FCPATH\index.php(67): CodeIgniter\CodeIgniter->run()
10 SYSTEMPATH\Commands\Server\rewrite.php(47): require_once('C:\\xampp\\htdocs\\MI4B\\public\\index.php')
CRITICAL - 2023-06-21 02:45:34 --> Undefined variable: Genre
in APPPATH\Views\Film\add.php on line 28.
 1 APPPATH\Views\Film\add.php(28): CodeIgniter\Debug\Exceptions->errorHandler(8, 'Undefined variable: Genre', 'C:\\xampp\\htdocs\\MI4B\\app\\Views\\Film\\add.php', 28, [...])
 2 SYSTEMPATH\View\View.php(213): include('C:\\xampp\\htdocs\\MI4B\\app\\Views\\Film\\add.php')
 3 SYSTEMPATH\View\View.php(216): CodeIgniter\View\View->CodeIgniter\View\{closure}()
 4 SYSTEMPATH\Common.php(1184): CodeIgniter\View\View->render('Film/add', [], true)
 5 APPPATH\Controllers\Film.php(36): view('Film/add', [...])
 6 SYSTEMPATH\CodeIgniter.php(934): App\Controllers\Film->add()
 7 SYSTEMPATH\CodeIgniter.php(499): CodeIgniter\CodeIgniter->runController(Object(App\Controllers\Film))
 8 SYSTEMPATH\CodeIgniter.php(368): CodeIgniter\CodeIgniter->handleRequest(null, Object(Config\Cache), false)
 9 FCPATH\index.php(67): CodeIgniter\CodeIgniter->run()
10 SYSTEMPATH\Commands\Server\rewrite.php(47): require_once('C:\\xampp\\htdocs\\MI4B\\public\\index.php')
CRITICAL - 2023-06-21 02:46:25 --> Undefined variable: Genre
in APPPATH\Views\Film\add.php on line 28.
 1 APPPATH\Views\Film\add.php(28): CodeIgniter\Debug\Exceptions->errorHandler(8, 'Undefined variable: Genre', 'C:\\xampp\\htdocs\\MI4B\\app\\Views\\Film\\add.php', 28, [...])
 2 SYSTEMPATH\View\View.php(213): include('C:\\xampp\\htdocs\\MI4B\\app\\Views\\Film\\add.php')
 3 SYSTEMPATH\View\View.php(216): CodeIgniter\View\View->CodeIgniter\View\{closure}()
 4 SYSTEMPATH\Common.php(1184): CodeIgniter\View\View->render('Film/add', [], true)
 5 APPPATH\Controllers\Film.php(36): view('Film/add', [...])
 6 SYSTEMPATH\CodeIgniter.php(934): App\Controllers\Film->add()
 7 SYSTEMPATH\CodeIgniter.php(499): CodeIgniter\CodeIgniter->runController(Object(App\Controllers\Film))
 8 SYSTEMPATH\CodeIgniter.php(368): CodeIgniter\CodeIgniter->handleRequest(null, Object(Config\Cache), false)
 9 FCPATH\index.php(67): CodeIgniter\CodeIgniter->run()
10 SYSTEMPATH\Commands\Server\rewrite.php(47): require_once('C:\\xampp\\htdocs\\MI4B\\public\\index.php')
CRITICAL - 2023-06-21 02:47:06 --> Undefined variable: Genre
in APPPATH\Views\Film\add.php on line 28.
 1 APPPATH\Views\Film\add.php(28): CodeIgniter\Debug\Exceptions->errorHandler(8, 'Undefined variable: Genre', 'C:\\xampp\\htdocs\\MI4B\\app\\Views\\Film\\add.php', 28, [...])
 2 SYSTEMPATH\View\View.php(213): include('C:\\xampp\\htdocs\\MI4B\\app\\Views\\Film\\add.php')
 3 SYSTEMPATH\View\View.php(216): CodeIgniter\View\View->CodeIgniter\View\{closure}()
 4 SYSTEMPATH\Common.php(1184): CodeIgniter\View\View->render('Film/add', [], true)
 5 APPPATH\Controllers\Film.php(36): view('Film/add', [...])
 6 SYSTEMPATH\CodeIgniter.php(934): App\Controllers\Film->add()
 7 SYSTEMPATH\CodeIgniter.php(499): CodeIgniter\CodeIgniter->runController(Object(App\Controllers\Film))
 8 SYSTEMPATH\CodeIgniter.php(368): CodeIgniter\CodeIgniter->handleRequest(null, Object(Config\Cache), false)
 9 FCPATH\index.php(67): CodeIgniter\CodeIgniter->run()
10 SYSTEMPATH\Commands\Server\rewrite.php(47): require_once('C:\\xampp\\htdocs\\MI4B\\public\\index.php')
CRITICAL - 2023-06-21 02:48:07 --> Undefined variable: Genre
in APPPATH\Views\Film\add.php on line 28.
 1 APPPATH\Views\Film\add.php(28): CodeIgniter\Debug\Exceptions->errorHandler(8, 'Undefined variable: Genre', 'C:\\xampp\\htdocs\\MI4B\\app\\Views\\Film\\add.php', 28, [...])
 2 SYSTEMPATH\View\View.php(213): include('C:\\xampp\\htdocs\\MI4B\\app\\Views\\Film\\add.php')
 3 SYSTEMPATH\View\View.php(216): CodeIgniter\View\View->CodeIgniter\View\{closure}()
 4 SYSTEMPATH\Common.php(1184): CodeIgniter\View\View->render('Film/add', [], true)
 5 APPPATH\Controllers\Film.php(36): view('Film/add', [...])
 6 SYSTEMPATH\CodeIgniter.php(934): App\Controllers\Film->add()
 7 SYSTEMPATH\CodeIgniter.php(499): CodeIgniter\CodeIgniter->runController(Object(App\Controllers\Film))
 8 SYSTEMPATH\CodeIgniter.php(368): CodeIgniter\CodeIgniter->handleRequest(null, Object(Config\Cache), false)
 9 FCPATH\index.php(67): CodeIgniter\CodeIgniter->run()
10 SYSTEMPATH\Commands\Server\rewrite.php(47): require_once('C:\\xampp\\htdocs\\MI4B\\public\\index.php')
CRITICAL - 2023-06-21 02:51:40 --> Undefined variable: Genre
in APPPATH\Views\Film\add.php on line 28.
 1 APPPATH\Views\Film\add.php(28): CodeIgniter\Debug\Exceptions->errorHandler(8, 'Undefined variable: Genre', 'C:\\xampp\\htdocs\\MI4B\\app\\Views\\Film\\add.php', 28, [...])
 2 SYSTEMPATH\View\View.php(213): include('C:\\xampp\\htdocs\\MI4B\\app\\Views\\Film\\add.php')
 3 SYSTEMPATH\View\View.php(216): CodeIgniter\View\View->CodeIgniter\View\{closure}()
 4 SYSTEMPATH\Common.php(1184): CodeIgniter\View\View->render('Film/add', [], true)
 5 APPPATH\Controllers\Film.php(36): view('Film/add', [...])
 6 SYSTEMPATH\CodeIgniter.php(934): App\Controllers\Film->add()
 7 SYSTEMPATH\CodeIgniter.php(499): CodeIgniter\CodeIgniter->runController(Object(App\Controllers\Film))
 8 SYSTEMPATH\CodeIgniter.php(368): CodeIgniter\CodeIgniter->handleRequest(null, Object(Config\Cache), false)
 9 FCPATH\index.php(67): CodeIgniter\CodeIgniter->run()
10 SYSTEMPATH\Commands\Server\rewrite.php(47): require_once('C:\\xampp\\htdocs\\MI4B\\public\\index.php')
CRITICAL - 2023-06-21 02:52:19 --> Undefined index: id
in APPPATH\Views\Film\add.php on line 29.
 1 APPPATH\Views\Film\add.php(29): CodeIgniter\Debug\Exceptions->errorHandler(8, 'Undefined index: id', 'C:\\xampp\\htdocs\\MI4B\\app\\Views\\Film\\add.php', 29, [...])
 2 SYSTEMPATH\View\View.php(213): include('C:\\xampp\\htdocs\\MI4B\\app\\Views\\Film\\add.php')
 3 SYSTEMPATH\View\View.php(216): CodeIgniter\View\View->CodeIgniter\View\{closure}()
 4 SYSTEMPATH\Common.php(1184): CodeIgniter\View\View->render('Film/add', [], true)
 5 APPPATH\Controllers\Film.php(36): view('Film/add', [...])
 6 SYSTEMPATH\CodeIgniter.php(934): App\Controllers\Film->add()
 7 SYSTEMPATH\CodeIgniter.php(499): CodeIgniter\CodeIgniter->runController(Object(App\Controllers\Film))
 8 SYSTEMPATH\CodeIgniter.php(368): CodeIgniter\CodeIgniter->handleRequest(null, Object(Config\Cache), false)
 9 FCPATH\index.php(67): CodeIgniter\CodeIgniter->run()
10 SYSTEMPATH\Commands\Server\rewrite.php(47): require_once('C:\\xampp\\htdocs\\MI4B\\public\\index.php')
CRITICAL - 2023-06-21 02:53:31 --> Invalid argument supplied for foreach()
in APPPATH\Views\Genre\index.php on line 26.
 1 APPPATH\Views\Genre\index.php(26): CodeIgniter\Debug\Exceptions->errorHandler(2, 'Invalid argument supplied for foreach()', 'C:\\xampp\\htdocs\\MI4B\\app\\Views\\Genre\\index.php', 26, [...])
 2 SYSTEMPATH\View\View.php(213): include('C:\\xampp\\htdocs\\MI4B\\app\\Views\\Genre\\index.php')
 3 SYSTEMPATH\View\View.php(216): CodeIgniter\View\View->CodeIgniter\View\{closure}()
 4 SYSTEMPATH\Common.php(1184): CodeIgniter\View\View->render('Genre/index', [], true)
 5 APPPATH\Controllers\Genre.php(22): view('Genre/index', [...])
 6 SYSTEMPATH\CodeIgniter.php(934): App\Controllers\Genre->index()
 7 SYSTEMPATH\CodeIgniter.php(499): CodeIgniter\CodeIgniter->runController(Object(App\Controllers\Genre))
 8 SYSTEMPATH\CodeIgniter.php(368): CodeIgniter\CodeIgniter->handleRequest(null, Object(Config\Cache), false)
 9 FCPATH\index.php(67): CodeIgniter\CodeIgniter->run()
10 SYSTEMPATH\Commands\Server\rewrite.php(47): require_once('C:\\xampp\\htdocs\\MI4B\\public\\index.php')
CRITICAL - 2023-06-21 02:54:42 --> Undefined index: id
in APPPATH\Views\Film\add.php on line 29.
 1 APPPATH\Views\Film\add.php(29): CodeIgniter\Debug\Exceptions->errorHandler(8, 'Undefined index: id', 'C:\\xampp\\htdocs\\MI4B\\app\\Views\\Film\\add.php', 29, [...])
 2 SYSTEMPATH\View\View.php(213): include('C:\\xampp\\htdocs\\MI4B\\app\\Views\\Film\\add.php')
 3 SYSTEMPATH\View\View.php(216): CodeIgniter\View\View->CodeIgniter\View\{closure}()
 4 SYSTEMPATH\Common.php(1184): CodeIgniter\View\View->render('Film/add', [], true)
 5 APPPATH\Controllers\Film.php(36): view('Film/add', [...])
 6 SYSTEMPATH\CodeIgniter.php(934): App\Controllers\Film->add()
 7 SYSTEMPATH\CodeIgniter.php(499): CodeIgniter\CodeIgniter->runController(Object(App\Controllers\Film))
 8 SYSTEMPATH\CodeIgniter.php(368): CodeIgniter\CodeIgniter->handleRequest(null, Object(Config\Cache), false)
 9 FCPATH\index.php(67): CodeIgniter\CodeIgniter->run()
10 SYSTEMPATH\Commands\Server\rewrite.php(47): require_once('C:\\xampp\\htdocs\\MI4B\\public\\index.php')
CRITICAL - 2023-06-21 03:47:38 --> Undefined index: id_genre 
in APPPATH\Views\Film\add.php on line 29.
 1 APPPATH\Views\Film\add.php(29): CodeIgniter\Debug\Exceptions->errorHandler(8, 'Undefined index: id_genre ', 'C:\\xampp\\htdocs\\MI4B\\app\\Views\\Film\\add.php', 29, [...])
 2 SYSTEMPATH\View\View.php(213): include('C:\\xampp\\htdocs\\MI4B\\app\\Views\\Film\\add.php')
 3 SYSTEMPATH\View\View.php(216): CodeIgniter\View\View->CodeIgniter\View\{closure}()
 4 SYSTEMPATH\Common.php(1184): CodeIgniter\View\View->render('Film/add', [], true)
 5 APPPATH\Controllers\Film.php(36): view('Film/add', [...])
 6 SYSTEMPATH\CodeIgniter.php(934): App\Controllers\Film->add()
 7 SYSTEMPATH\CodeIgniter.php(499): CodeIgniter\CodeIgniter->runController(Object(App\Controllers\Film))
 8 SYSTEMPATH\CodeIgniter.php(368): CodeIgniter\CodeIgniter->handleRequest(null, Object(Config\Cache), false)
 9 FCPATH\index.php(67): CodeIgniter\CodeIgniter->run()
10 SYSTEMPATH\Commands\Server\rewrite.php(47): require_once('C:\\xampp\\htdocs\\MI4B\\public\\index.php')
CRITICAL - 2023-06-21 03:49:09 --> Undefined index: id_genre 
in APPPATH\Views\Film\add.php on line 29.
 1 APPPATH\Views\Film\add.php(29): CodeIgniter\Debug\Exceptions->errorHandler(8, 'Undefined index: id_genre ', 'C:\\xampp\\htdocs\\MI4B\\app\\Views\\Film\\add.php', 29, [...])
 2 SYSTEMPATH\View\View.php(213): include('C:\\xampp\\htdocs\\MI4B\\app\\Views\\Film\\add.php')
 3 SYSTEMPATH\View\View.php(216): CodeIgniter\View\View->CodeIgniter\View\{closure}()
 4 SYSTEMPATH\Common.php(1184): CodeIgniter\View\View->render('Film/add', [], true)
 5 APPPATH\Controllers\Film.php(36): view('Film/add', [...])
 6 SYSTEMPATH\CodeIgniter.php(934): App\Controllers\Film->add()
 7 SYSTEMPATH\CodeIgniter.php(499): CodeIgniter\CodeIgniter->runController(Object(App\Controllers\Film))
 8 SYSTEMPATH\CodeIgniter.php(368): CodeIgniter\CodeIgniter->handleRequest(null, Object(Config\Cache), false)
 9 FCPATH\index.php(67): CodeIgniter\CodeIgniter->run()
10 SYSTEMPATH\Commands\Server\rewrite.php(47): require_once('C:\\xampp\\htdocs\\MI4B\\public\\index.php')
CRITICAL - 2023-06-21 03:49:28 --> Undefined index: id
in APPPATH\Views\Film\add.php on line 29.
 1 APPPATH\Views\Film\add.php(29): CodeIgniter\Debug\Exceptions->errorHandler(8, 'Undefined index: id', 'C:\\xampp\\htdocs\\MI4B\\app\\Views\\Film\\add.php', 29, [...])
 2 SYSTEMPATH\View\View.php(213): include('C:\\xampp\\htdocs\\MI4B\\app\\Views\\Film\\add.php')
 3 SYSTEMPATH\View\View.php(216): CodeIgniter\View\View->CodeIgniter\View\{closure}()
 4 SYSTEMPATH\Common.php(1184): CodeIgniter\View\View->render('Film/add', [], true)
 5 APPPATH\Controllers\Film.php(36): view('Film/add', [...])
 6 SYSTEMPATH\CodeIgniter.php(934): App\Controllers\Film->add()
 7 SYSTEMPATH\CodeIgniter.php(499): CodeIgniter\CodeIgniter->runController(Object(App\Controllers\Film))
 8 SYSTEMPATH\CodeIgniter.php(368): CodeIgniter\CodeIgniter->handleRequest(null, Object(Config\Cache), false)
 9 FCPATH\index.php(67): CodeIgniter\CodeIgniter->run()
10 SYSTEMPATH\Commands\Server\rewrite.php(47): require_once('C:\\xampp\\htdocs\\MI4B\\public\\index.php')
CRITICAL - 2023-06-21 03:49:31 --> Undefined index: id
in APPPATH\Views\Film\add.php on line 29.
 1 APPPATH\Views\Film\add.php(29): CodeIgniter\Debug\Exceptions->errorHandler(8, 'Undefined index: id', 'C:\\xampp\\htdocs\\MI4B\\app\\Views\\Film\\add.php', 29, [...])
 2 SYSTEMPATH\View\View.php(213): include('C:\\xampp\\htdocs\\MI4B\\app\\Views\\Film\\add.php')
 3 SYSTEMPATH\View\View.php(216): CodeIgniter\View\View->CodeIgniter\View\{closure}()
 4 SYSTEMPATH\Common.php(1184): CodeIgniter\View\View->render('Film/add', [], true)
 5 APPPATH\Controllers\Film.php(36): view('Film/add', [...])
 6 SYSTEMPATH\CodeIgniter.php(934): App\Controllers\Film->add()
 7 SYSTEMPATH\CodeIgniter.php(499): CodeIgniter\CodeIgniter->runController(Object(App\Controllers\Film))
 8 SYSTEMPATH\CodeIgniter.php(368): CodeIgniter\CodeIgniter->handleRequest(null, Object(Config\Cache), false)
 9 FCPATH\index.php(67): CodeIgniter\CodeIgniter->run()
10 SYSTEMPATH\Commands\Server\rewrite.php(47): require_once('C:\\xampp\\htdocs\\MI4B\\public\\index.php')
CRITICAL - 2023-06-21 03:49:32 --> Undefined index: id
in APPPATH\Views\Film\add.php on line 29.
 1 APPPATH\Views\Film\add.php(29): CodeIgniter\Debug\Exceptions->errorHandler(8, 'Undefined index: id', 'C:\\xampp\\htdocs\\MI4B\\app\\Views\\Film\\add.php', 29, [...])
 2 SYSTEMPATH\View\View.php(213): include('C:\\xampp\\htdocs\\MI4B\\app\\Views\\Film\\add.php')
 3 SYSTEMPATH\View\View.php(216): CodeIgniter\View\View->CodeIgniter\View\{closure}()
 4 SYSTEMPATH\Common.php(1184): CodeIgniter\View\View->render('Film/add', [], true)
 5 APPPATH\Controllers\Film.php(36): view('Film/add', [...])
 6 SYSTEMPATH\CodeIgniter.php(934): App\Controllers\Film->add()
 7 SYSTEMPATH\CodeIgniter.php(499): CodeIgniter\CodeIgniter->runController(Object(App\Controllers\Film))
 8 SYSTEMPATH\CodeIgniter.php(368): CodeIgniter\CodeIgniter->handleRequest(null, Object(Config\Cache), false)
 9 FCPATH\index.php(67): CodeIgniter\CodeIgniter->run()
10 SYSTEMPATH\Commands\Server\rewrite.php(47): require_once('C:\\xampp\\htdocs\\MI4B\\public\\index.php')
CRITICAL - 2023-06-21 04:00:04 --> Undefined property: App\Controllers\Film::$film
in APPPATH\Controllers\Film.php on line 52.
 1 APPPATH\Controllers\Film.php(52): CodeIgniter\Debug\Exceptions->errorHandler(8, 'Undefined property: App\\Controllers\\Film::$film', 'C:\\xampp\\htdocs\\MI4B\\app\\Controllers\\Film.php', 52, [...])
 2 SYSTEMPATH\CodeIgniter.php(934): App\Controllers\Film->store()
 3 SYSTEMPATH\CodeIgniter.php(499): CodeIgniter\CodeIgniter->runController(Object(App\Controllers\Film))
 4 SYSTEMPATH\CodeIgniter.php(368): CodeIgniter\CodeIgniter->handleRequest(null, Object(Config\Cache), false)
 5 FCPATH\index.php(67): CodeIgniter\CodeIgniter->run()
 6 SYSTEMPATH\Commands\Server\rewrite.php(47): require_once('C:\\xampp\\htdocs\\MI4B\\public\\index.php')
CRITICAL - 2023-06-21 04:03:59 --> Call to undefined function App\Controllers\save()
in APPPATH\Controllers\Film.php on line 52.
 1 SYSTEMPATH\CodeIgniter.php(934): App\Controllers\Film->store()
 2 SYSTEMPATH\CodeIgniter.php(499): CodeIgniter\CodeIgniter->runController(Object(App\Controllers\Film))
 3 SYSTEMPATH\CodeIgniter.php(368): CodeIgniter\CodeIgniter->handleRequest(null, Object(Config\Cache), false)
 4 FCPATH\index.php(67): CodeIgniter\CodeIgniter->run()
 5 SYSTEMPATH\Commands\Server\rewrite.php(47): require_once('C:\\xampp\\htdocs\\MI4B\\public\\index.php')
CRITICAL - 2023-06-21 04:04:42 --> Call to undefined function App\Controllers\save()
in APPPATH\Controllers\Film.php on line 52.
 1 SYSTEMPATH\CodeIgniter.php(934): App\Controllers\Film->store()
 2 SYSTEMPATH\CodeIgniter.php(499): CodeIgniter\CodeIgniter->runController(Object(App\Controllers\Film))
 3 SYSTEMPATH\CodeIgniter.php(368): CodeIgniter\CodeIgniter->handleRequest(null, Object(Config\Cache), false)
 4 FCPATH\index.php(67): CodeIgniter\CodeIgniter->run()
 5 SYSTEMPATH\Commands\Server\rewrite.php(47): require_once('C:\\xampp\\htdocs\\MI4B\\public\\index.php')
CRITICAL - 2023-06-21 04:08:18 --> Call to undefined function App\Controllers\save()
in APPPATH\Controllers\Film.php on line 52.
 1 SYSTEMPATH\CodeIgniter.php(934): App\Controllers\Film->store()
 2 SYSTEMPATH\CodeIgniter.php(499): CodeIgniter\CodeIgniter->runController(Object(App\Controllers\Film))
 3 SYSTEMPATH\CodeIgniter.php(368): CodeIgniter\CodeIgniter->handleRequest(null, Object(Config\Cache), false)
 4 FCPATH\index.php(67): CodeIgniter\CodeIgniter->run()
 5 SYSTEMPATH\Commands\Server\rewrite.php(47): require_once('C:\\xampp\\htdocs\\MI4B\\public\\index.php')
CRITICAL - 2023-06-21 04:11:41 --> Call to undefined function App\Controllers\save()
in APPPATH\Controllers\Film.php on line 52.
 1 SYSTEMPATH\CodeIgniter.php(934): App\Controllers\Film->store()
 2 SYSTEMPATH\CodeIgniter.php(499): CodeIgniter\CodeIgniter->runController(Object(App\Controllers\Film))
 3 SYSTEMPATH\CodeIgniter.php(368): CodeIgniter\CodeIgniter->handleRequest(null, Object(Config\Cache), false)
 4 FCPATH\index.php(67): CodeIgniter\CodeIgniter->run()
 5 SYSTEMPATH\Commands\Server\rewrite.php(47): require_once('C:\\xampp\\htdocs\\MI4B\\public\\index.php')
