ERROR - 2023-06-07 02:36:04 --> mysqli_sql_exception: Unknown column 'judul' in 'where clause' in C:\xampp\htdocs\MI4B\system\Database\MySQLi\Connection.php:295
Stack trace:
#0 C:\xampp\htdocs\MI4B\system\Database\MySQLi\Connection.php(295): mysqli->query('SELECT *\nFROM `...', 0)
#1 C:\xampp\htdocs\MI4B\system\Database\BaseConnection.php(692): CodeIgniter\Database\MySQLi\Connection->execute('SELECT *\nFROM `...')
#2 C:\xampp\htdocs\MI4B\system\Database\BaseConnection.php(606): CodeIgniter\Database\BaseConnection->simpleQuery('SELECT *\nFROM `...')
#3 C:\xampp\htdocs\MI4B\system\Database\BaseBuilder.php(1616): CodeIgniter\Database\BaseConnection->query('SELECT *\nFROM `...', Array, false)
#4 C:\xampp\htdocs\MI4B\system\Model.php(241): CodeIgniter\Database\BaseBuilder->get()
#5 C:\xampp\htdocs\MI4B\system\BaseModel.php(618): CodeIgniter\Model->doFindAll(0, 0)
#6 C:\xampp\htdocs\MI4B\app\Models\FilmModel.php(52): CodeIgniter\BaseModel->findAll()
#7 C:\xampp\htdocs\MI4B\app\Controllers\Film.php(33): App\Models\FilmModel->getDataBy('Horor')
#8 C:\xampp\htdocs\MI4B\system\CodeIgniter.php(934): App\Controllers\Film->Film_by_genre()
#9 C:\xampp\htdocs\MI4B\system\CodeIgniter.php(499): CodeIgniter\CodeIgniter->runController(Object(App\Controllers\Film))
#10 C:\xampp\htdocs\MI4B\system\CodeIgniter.php(368): CodeIgniter\CodeIgniter->handleRequest(NULL, Object(Config\Cache), false)
#11 C:\xampp\htdocs\MI4B\public\index.php(67): CodeIgniter\CodeIgniter->run()
#12 C:\xampp\htdocs\MI4B\system\Commands\Server\rewrite.php(47): require_once('C:\\xampp\\htdocs...')
#13 {main}
CRITICAL - 2023-06-07 02:36:04 --> Unknown column 'judul' in 'where clause'
in SYSTEMPATH\Database\MySQLi\Connection.php on line 295.
 1 SYSTEMPATH\Database\MySQLi\Connection.php(295): mysqli->query('SELECT *
FROM `film`
WHERE `judul` = \'Horor\'', 0)
 2 SYSTEMPATH\Database\BaseConnection.php(692): CodeIgniter\Database\MySQLi\Connection->execute('SELECT *
FROM `film`
WHERE `judul` = \'Horor\'')
 3 SYSTEMPATH\Database\BaseConnection.php(606): CodeIgniter\Database\BaseConnection->simpleQuery('SELECT *
FROM `film`
WHERE `judul` = \'Horor\'')
 4 SYSTEMPATH\Database\BaseBuilder.php(1616): CodeIgniter\Database\BaseConnection->query('SELECT *
FROM `film`
WHERE `judul` = :judul:', [...], false)
 5 SYSTEMPATH\Model.php(241): CodeIgniter\Database\BaseBuilder->get()
 6 SYSTEMPATH\BaseModel.php(618): CodeIgniter\Model->doFindAll(0, 0)
 7 APPPATH\Models\FilmModel.php(52): CodeIgniter\BaseModel->findAll()
 8 APPPATH\Controllers\Film.php(33): App\Models\FilmModel->getDataBy('Horor')
 9 SYSTEMPATH\CodeIgniter.php(934): App\Controllers\Film->Film_by_genre()
10 SYSTEMPATH\CodeIgniter.php(499): CodeIgniter\CodeIgniter->runController(Object(App\Controllers\Film))
11 SYSTEMPATH\CodeIgniter.php(368): CodeIgniter\CodeIgniter->handleRequest(null, Object(Config\Cache), false)
12 FCPATH\index.php(67): CodeIgniter\CodeIgniter->run()
13 SYSTEMPATH\Commands\Server\rewrite.php(47): require_once('C:\\xampp\\htdocs\\MI4B\\public\\index.php')
CRITICAL - 2023-06-07 03:46:42 --> Undefined index: nama_Film
in APPPATH\Views\Film\semuafilm.php on line 25.
 1 APPPATH\Views\Film\semuafilm.php(25): CodeIgniter\Debug\Exceptions->errorHandler(8, 'Undefined index: nama_Film', 'C:\\xampp\\htdocs\\MI4B\\app\\Views\\Film\\semuafilm.php', 25, [...])
 2 SYSTEMPATH\View\View.php(213): include('C:\\xampp\\htdocs\\MI4B\\app\\Views\\Film\\semuafilm.php')
 3 SYSTEMPATH\View\View.php(216): CodeIgniter\View\View->CodeIgniter\View\{closure}()
 4 SYSTEMPATH\Common.php(1184): CodeIgniter\View\View->render('Film/semuafilm', [], true)
 5 APPPATH\Controllers\Film.php(28): view('Film/semuafilm', [...])
 6 SYSTEMPATH\CodeIgniter.php(934): App\Controllers\Film->all()
 7 SYSTEMPATH\CodeIgniter.php(499): CodeIgniter\CodeIgniter->runController(Object(App\Controllers\Film))
 8 SYSTEMPATH\CodeIgniter.php(368): CodeIgniter\CodeIgniter->handleRequest(null, Object(Config\Cache), false)
 9 FCPATH\index.php(67): CodeIgniter\CodeIgniter->run()
10 SYSTEMPATH\Commands\Server\rewrite.php(47): require_once('C:\\xampp\\htdocs\\MI4B\\public\\index.php')
CRITICAL - 2023-06-07 03:47:43 --> Undefined index: nama_Film
in APPPATH\Views\Film\semuafilm.php on line 26.
 1 APPPATH\Views\Film\semuafilm.php(26): CodeIgniter\Debug\Exceptions->errorHandler(8, 'Undefined index: nama_Film', 'C:\\xampp\\htdocs\\MI4B\\app\\Views\\Film\\semuafilm.php', 26, [...])
 2 SYSTEMPATH\View\View.php(213): include('C:\\xampp\\htdocs\\MI4B\\app\\Views\\Film\\semuafilm.php')
 3 SYSTEMPATH\View\View.php(216): CodeIgniter\View\View->CodeIgniter\View\{closure}()
 4 SYSTEMPATH\Common.php(1184): CodeIgniter\View\View->render('Film/semuafilm', [], true)
 5 APPPATH\Controllers\Film.php(28): view('Film/semuafilm', [...])
 6 SYSTEMPATH\CodeIgniter.php(934): App\Controllers\Film->all()
 7 SYSTEMPATH\CodeIgniter.php(499): CodeIgniter\CodeIgniter->runController(Object(App\Controllers\Film))
 8 SYSTEMPATH\CodeIgniter.php(368): CodeIgniter\CodeIgniter->handleRequest(null, Object(Config\Cache), false)
 9 FCPATH\index.php(67): CodeIgniter\CodeIgniter->run()
10 SYSTEMPATH\Commands\Server\rewrite.php(47): require_once('C:\\xampp\\htdocs\\MI4B\\public\\index.php')
CRITICAL - 2023-06-07 03:47:45 --> Undefined index: nama_Film
in APPPATH\Views\Film\semuafilm.php on line 26.
 1 APPPATH\Views\Film\semuafilm.php(26): CodeIgniter\Debug\Exceptions->errorHandler(8, 'Undefined index: nama_Film', 'C:\\xampp\\htdocs\\MI4B\\app\\Views\\Film\\semuafilm.php', 26, [...])
 2 SYSTEMPATH\View\View.php(213): include('C:\\xampp\\htdocs\\MI4B\\app\\Views\\Film\\semuafilm.php')
 3 SYSTEMPATH\View\View.php(216): CodeIgniter\View\View->CodeIgniter\View\{closure}()
 4 SYSTEMPATH\Common.php(1184): CodeIgniter\View\View->render('Film/semuafilm', [], true)
 5 APPPATH\Controllers\Film.php(28): view('Film/semuafilm', [...])
 6 SYSTEMPATH\CodeIgniter.php(934): App\Controllers\Film->all()
 7 SYSTEMPATH\CodeIgniter.php(499): CodeIgniter\CodeIgniter->runController(Object(App\Controllers\Film))
 8 SYSTEMPATH\CodeIgniter.php(368): CodeIgniter\CodeIgniter->handleRequest(null, Object(Config\Cache), false)
 9 FCPATH\index.php(67): CodeIgniter\CodeIgniter->run()
10 SYSTEMPATH\Commands\Server\rewrite.php(47): require_once('C:\\xampp\\htdocs\\MI4B\\public\\index.php')
CRITICAL - 2023-06-07 03:48:49 --> Undefined variable: film
in APPPATH\Views\Film\semuafilm.php on line 25.
 1 APPPATH\Views\Film\semuafilm.php(25): CodeIgniter\Debug\Exceptions->errorHandler(8, 'Undefined variable: film', 'C:\\xampp\\htdocs\\MI4B\\app\\Views\\Film\\semuafilm.php', 25, [...])
 2 SYSTEMPATH\View\View.php(213): include('C:\\xampp\\htdocs\\MI4B\\app\\Views\\Film\\semuafilm.php')
 3 SYSTEMPATH\View\View.php(216): CodeIgniter\View\View->CodeIgniter\View\{closure}()
 4 SYSTEMPATH\Common.php(1184): CodeIgniter\View\View->render('Film/semuafilm', [], true)
 5 APPPATH\Controllers\Film.php(28): view('Film/semuafilm', [...])
 6 SYSTEMPATH\CodeIgniter.php(934): App\Controllers\Film->all()
 7 SYSTEMPATH\CodeIgniter.php(499): CodeIgniter\CodeIgniter->runController(Object(App\Controllers\Film))
 8 SYSTEMPATH\CodeIgniter.php(368): CodeIgniter\CodeIgniter->handleRequest(null, Object(Config\Cache), false)
 9 FCPATH\index.php(67): CodeIgniter\CodeIgniter->run()
10 SYSTEMPATH\Commands\Server\rewrite.php(47): require_once('C:\\xampp\\htdocs\\MI4B\\public\\index.php')
CRITICAL - 2023-06-07 03:48:50 --> Undefined variable: film
in APPPATH\Views\Film\semuafilm.php on line 25.
 1 APPPATH\Views\Film\semuafilm.php(25): CodeIgniter\Debug\Exceptions->errorHandler(8, 'Undefined variable: film', 'C:\\xampp\\htdocs\\MI4B\\app\\Views\\Film\\semuafilm.php', 25, [...])
 2 SYSTEMPATH\View\View.php(213): include('C:\\xampp\\htdocs\\MI4B\\app\\Views\\Film\\semuafilm.php')
 3 SYSTEMPATH\View\View.php(216): CodeIgniter\View\View->CodeIgniter\View\{closure}()
 4 SYSTEMPATH\Common.php(1184): CodeIgniter\View\View->render('Film/semuafilm', [], true)
 5 APPPATH\Controllers\Film.php(28): view('Film/semuafilm', [...])
 6 SYSTEMPATH\CodeIgniter.php(934): App\Controllers\Film->all()
 7 SYSTEMPATH\CodeIgniter.php(499): CodeIgniter\CodeIgniter->runController(Object(App\Controllers\Film))
 8 SYSTEMPATH\CodeIgniter.php(368): CodeIgniter\CodeIgniter->handleRequest(null, Object(Config\Cache), false)
 9 FCPATH\index.php(67): CodeIgniter\CodeIgniter->run()
10 SYSTEMPATH\Commands\Server\rewrite.php(47): require_once('C:\\xampp\\htdocs\\MI4B\\public\\index.php')
CRITICAL - 2023-06-07 03:49:22 --> Undefined variable: film
in APPPATH\Views\Film\semuafilm.php on line 25.
 1 APPPATH\Views\Film\semuafilm.php(25): CodeIgniter\Debug\Exceptions->errorHandler(8, 'Undefined variable: film', 'C:\\xampp\\htdocs\\MI4B\\app\\Views\\Film\\semuafilm.php', 25, [...])
 2 SYSTEMPATH\View\View.php(213): include('C:\\xampp\\htdocs\\MI4B\\app\\Views\\Film\\semuafilm.php')
 3 SYSTEMPATH\View\View.php(216): CodeIgniter\View\View->CodeIgniter\View\{closure}()
 4 SYSTEMPATH\Common.php(1184): CodeIgniter\View\View->render('Film/semuafilm', [], true)
 5 APPPATH\Controllers\Film.php(28): view('Film/semuafilm', [...])
 6 SYSTEMPATH\CodeIgniter.php(934): App\Controllers\Film->all()
 7 SYSTEMPATH\CodeIgniter.php(499): CodeIgniter\CodeIgniter->runController(Object(App\Controllers\Film))
 8 SYSTEMPATH\CodeIgniter.php(368): CodeIgniter\CodeIgniter->handleRequest(null, Object(Config\Cache), false)
 9 FCPATH\index.php(67): CodeIgniter\CodeIgniter->run()
10 SYSTEMPATH\Commands\Server\rewrite.php(47): require_once('C:\\xampp\\htdocs\\MI4B\\public\\index.php')
CRITICAL - 2023-06-07 03:49:24 --> Undefined variable: film
in APPPATH\Views\Film\semuafilm.php on line 25.
 1 APPPATH\Views\Film\semuafilm.php(25): CodeIgniter\Debug\Exceptions->errorHandler(8, 'Undefined variable: film', 'C:\\xampp\\htdocs\\MI4B\\app\\Views\\Film\\semuafilm.php', 25, [...])
 2 SYSTEMPATH\View\View.php(213): include('C:\\xampp\\htdocs\\MI4B\\app\\Views\\Film\\semuafilm.php')
 3 SYSTEMPATH\View\View.php(216): CodeIgniter\View\View->CodeIgniter\View\{closure}()
 4 SYSTEMPATH\Common.php(1184): CodeIgniter\View\View->render('Film/semuafilm', [], true)
 5 APPPATH\Controllers\Film.php(28): view('Film/semuafilm', [...])
 6 SYSTEMPATH\CodeIgniter.php(934): App\Controllers\Film->all()
 7 SYSTEMPATH\CodeIgniter.php(499): CodeIgniter\CodeIgniter->runController(Object(App\Controllers\Film))
 8 SYSTEMPATH\CodeIgniter.php(368): CodeIgniter\CodeIgniter->handleRequest(null, Object(Config\Cache), false)
 9 FCPATH\index.php(67): CodeIgniter\CodeIgniter->run()
10 SYSTEMPATH\Commands\Server\rewrite.php(47): require_once('C:\\xampp\\htdocs\\MI4B\\public\\index.php')
CRITICAL - 2023-06-07 03:49:55 --> Undefined variable: film
in APPPATH\Views\Film\semuafilm.php on line 25.
 1 APPPATH\Views\Film\semuafilm.php(25): CodeIgniter\Debug\Exceptions->errorHandler(8, 'Undefined variable: film', 'C:\\xampp\\htdocs\\MI4B\\app\\Views\\Film\\semuafilm.php', 25, [...])
 2 SYSTEMPATH\View\View.php(213): include('C:\\xampp\\htdocs\\MI4B\\app\\Views\\Film\\semuafilm.php')
 3 SYSTEMPATH\View\View.php(216): CodeIgniter\View\View->CodeIgniter\View\{closure}()
 4 SYSTEMPATH\Common.php(1184): CodeIgniter\View\View->render('Film/semuafilm', [], true)
 5 APPPATH\Controllers\Film.php(28): view('Film/semuafilm', [...])
 6 SYSTEMPATH\CodeIgniter.php(934): App\Controllers\Film->all()
 7 SYSTEMPATH\CodeIgniter.php(499): CodeIgniter\CodeIgniter->runController(Object(App\Controllers\Film))
 8 SYSTEMPATH\CodeIgniter.php(368): CodeIgniter\CodeIgniter->handleRequest(null, Object(Config\Cache), false)
 9 FCPATH\index.php(67): CodeIgniter\CodeIgniter->run()
10 SYSTEMPATH\Commands\Server\rewrite.php(47): require_once('C:\\xampp\\htdocs\\MI4B\\public\\index.php')
CRITICAL - 2023-06-07 03:50:35 --> Undefined variable: film
in APPPATH\Views\Film\semuafilm.php on line 25.
 1 APPPATH\Views\Film\semuafilm.php(25): CodeIgniter\Debug\Exceptions->errorHandler(8, 'Undefined variable: film', 'C:\\xampp\\htdocs\\MI4B\\app\\Views\\Film\\semuafilm.php', 25, [...])
 2 SYSTEMPATH\View\View.php(213): include('C:\\xampp\\htdocs\\MI4B\\app\\Views\\Film\\semuafilm.php')
 3 SYSTEMPATH\View\View.php(216): CodeIgniter\View\View->CodeIgniter\View\{closure}()
 4 SYSTEMPATH\Common.php(1184): CodeIgniter\View\View->render('Film/semuafilm', [], true)
 5 APPPATH\Controllers\Film.php(28): view('Film/semuafilm', [...])
 6 SYSTEMPATH\CodeIgniter.php(934): App\Controllers\Film->all()
 7 SYSTEMPATH\CodeIgniter.php(499): CodeIgniter\CodeIgniter->runController(Object(App\Controllers\Film))
 8 SYSTEMPATH\CodeIgniter.php(368): CodeIgniter\CodeIgniter->handleRequest(null, Object(Config\Cache), false)
 9 FCPATH\index.php(67): CodeIgniter\CodeIgniter->run()
10 SYSTEMPATH\Commands\Server\rewrite.php(47): require_once('C:\\xampp\\htdocs\\MI4B\\public\\index.php')
CRITICAL - 2023-06-07 03:50:36 --> Undefined variable: film
in APPPATH\Views\Film\semuafilm.php on line 25.
 1 APPPATH\Views\Film\semuafilm.php(25): CodeIgniter\Debug\Exceptions->errorHandler(8, 'Undefined variable: film', 'C:\\xampp\\htdocs\\MI4B\\app\\Views\\Film\\semuafilm.php', 25, [...])
 2 SYSTEMPATH\View\View.php(213): include('C:\\xampp\\htdocs\\MI4B\\app\\Views\\Film\\semuafilm.php')
 3 SYSTEMPATH\View\View.php(216): CodeIgniter\View\View->CodeIgniter\View\{closure}()
 4 SYSTEMPATH\Common.php(1184): CodeIgniter\View\View->render('Film/semuafilm', [], true)
 5 APPPATH\Controllers\Film.php(28): view('Film/semuafilm', [...])
 6 SYSTEMPATH\CodeIgniter.php(934): App\Controllers\Film->all()
 7 SYSTEMPATH\CodeIgniter.php(499): CodeIgniter\CodeIgniter->runController(Object(App\Controllers\Film))
 8 SYSTEMPATH\CodeIgniter.php(368): CodeIgniter\CodeIgniter->handleRequest(null, Object(Config\Cache), false)
 9 FCPATH\index.php(67): CodeIgniter\CodeIgniter->run()
10 SYSTEMPATH\Commands\Server\rewrite.php(47): require_once('C:\\xampp\\htdocs\\MI4B\\public\\index.php')
CRITICAL - 2023-06-07 03:52:09 --> Undefined variable: film
in APPPATH\Views\Film\semuafilm.php on line 25.
 1 APPPATH\Views\Film\semuafilm.php(25): CodeIgniter\Debug\Exceptions->errorHandler(8, 'Undefined variable: film', 'C:\\xampp\\htdocs\\MI4B\\app\\Views\\Film\\semuafilm.php', 25, [...])
 2 SYSTEMPATH\View\View.php(213): include('C:\\xampp\\htdocs\\MI4B\\app\\Views\\Film\\semuafilm.php')
 3 SYSTEMPATH\View\View.php(216): CodeIgniter\View\View->CodeIgniter\View\{closure}()
 4 SYSTEMPATH\Common.php(1184): CodeIgniter\View\View->render('Film/semuafilm', [], true)
 5 APPPATH\Controllers\Film.php(28): view('Film/semuafilm', [...])
 6 SYSTEMPATH\CodeIgniter.php(934): App\Controllers\Film->all()
 7 SYSTEMPATH\CodeIgniter.php(499): CodeIgniter\CodeIgniter->runController(Object(App\Controllers\Film))
 8 SYSTEMPATH\CodeIgniter.php(368): CodeIgniter\CodeIgniter->handleRequest(null, Object(Config\Cache), false)
 9 FCPATH\index.php(67): CodeIgniter\CodeIgniter->run()
10 SYSTEMPATH\Commands\Server\rewrite.php(47): require_once('C:\\xampp\\htdocs\\MI4B\\public\\index.php')
CRITICAL - 2023-06-07 03:53:27 --> Undefined variable: film
in APPPATH\Views\Film\semuafilm.php on line 25.
 1 APPPATH\Views\Film\semuafilm.php(25): CodeIgniter\Debug\Exceptions->errorHandler(8, 'Undefined variable: film', 'C:\\xampp\\htdocs\\MI4B\\app\\Views\\Film\\semuafilm.php', 25, [...])
 2 SYSTEMPATH\View\View.php(213): include('C:\\xampp\\htdocs\\MI4B\\app\\Views\\Film\\semuafilm.php')
 3 SYSTEMPATH\View\View.php(216): CodeIgniter\View\View->CodeIgniter\View\{closure}()
 4 SYSTEMPATH\Common.php(1184): CodeIgniter\View\View->render('Film/semuafilm', [], true)
 5 APPPATH\Controllers\Film.php(28): view('Film/semuafilm', [...])
 6 SYSTEMPATH\CodeIgniter.php(934): App\Controllers\Film->all()
 7 SYSTEMPATH\CodeIgniter.php(499): CodeIgniter\CodeIgniter->runController(Object(App\Controllers\Film))
 8 SYSTEMPATH\CodeIgniter.php(368): CodeIgniter\CodeIgniter->handleRequest(null, Object(Config\Cache), false)
 9 FCPATH\index.php(67): CodeIgniter\CodeIgniter->run()
10 SYSTEMPATH\Commands\Server\rewrite.php(47): require_once('C:\\xampp\\htdocs\\MI4B\\public\\index.php')
CRITICAL - 2023-06-07 03:54:54 --> Undefined variable: film
in APPPATH\Views\Film\semuafilm.php on line 25.
 1 APPPATH\Views\Film\semuafilm.php(25): CodeIgniter\Debug\Exceptions->errorHandler(8, 'Undefined variable: film', 'C:\\xampp\\htdocs\\MI4B\\app\\Views\\Film\\semuafilm.php', 25, [...])
 2 SYSTEMPATH\View\View.php(213): include('C:\\xampp\\htdocs\\MI4B\\app\\Views\\Film\\semuafilm.php')
 3 SYSTEMPATH\View\View.php(216): CodeIgniter\View\View->CodeIgniter\View\{closure}()
 4 SYSTEMPATH\Common.php(1184): CodeIgniter\View\View->render('Film/semuafilm', [], true)
 5 APPPATH\Controllers\Film.php(28): view('Film/semuafilm', [...])
 6 SYSTEMPATH\CodeIgniter.php(934): App\Controllers\Film->all()
 7 SYSTEMPATH\CodeIgniter.php(499): CodeIgniter\CodeIgniter->runController(Object(App\Controllers\Film))
 8 SYSTEMPATH\CodeIgniter.php(368): CodeIgniter\CodeIgniter->handleRequest(null, Object(Config\Cache), false)
 9 FCPATH\index.php(67): CodeIgniter\CodeIgniter->run()
10 SYSTEMPATH\Commands\Server\rewrite.php(47): require_once('C:\\xampp\\htdocs\\MI4B\\public\\index.php')
CRITICAL - 2023-06-07 03:54:55 --> Undefined variable: film
in APPPATH\Views\Film\semuafilm.php on line 25.
 1 APPPATH\Views\Film\semuafilm.php(25): CodeIgniter\Debug\Exceptions->errorHandler(8, 'Undefined variable: film', 'C:\\xampp\\htdocs\\MI4B\\app\\Views\\Film\\semuafilm.php', 25, [...])
 2 SYSTEMPATH\View\View.php(213): include('C:\\xampp\\htdocs\\MI4B\\app\\Views\\Film\\semuafilm.php')
 3 SYSTEMPATH\View\View.php(216): CodeIgniter\View\View->CodeIgniter\View\{closure}()
 4 SYSTEMPATH\Common.php(1184): CodeIgniter\View\View->render('Film/semuafilm', [], true)
 5 APPPATH\Controllers\Film.php(28): view('Film/semuafilm', [...])
 6 SYSTEMPATH\CodeIgniter.php(934): App\Controllers\Film->all()
 7 SYSTEMPATH\CodeIgniter.php(499): CodeIgniter\CodeIgniter->runController(Object(App\Controllers\Film))
 8 SYSTEMPATH\CodeIgniter.php(368): CodeIgniter\CodeIgniter->handleRequest(null, Object(Config\Cache), false)
 9 FCPATH\index.php(67): CodeIgniter\CodeIgniter->run()
10 SYSTEMPATH\Commands\Server\rewrite.php(47): require_once('C:\\xampp\\htdocs\\MI4B\\public\\index.php')
CRITICAL - 2023-06-07 03:54:57 --> Undefined variable: film
in APPPATH\Views\Film\semuafilm.php on line 25.
 1 APPPATH\Views\Film\semuafilm.php(25): CodeIgniter\Debug\Exceptions->errorHandler(8, 'Undefined variable: film', 'C:\\xampp\\htdocs\\MI4B\\app\\Views\\Film\\semuafilm.php', 25, [...])
 2 SYSTEMPATH\View\View.php(213): include('C:\\xampp\\htdocs\\MI4B\\app\\Views\\Film\\semuafilm.php')
 3 SYSTEMPATH\View\View.php(216): CodeIgniter\View\View->CodeIgniter\View\{closure}()
 4 SYSTEMPATH\Common.php(1184): CodeIgniter\View\View->render('Film/semuafilm', [], true)
 5 APPPATH\Controllers\Film.php(28): view('Film/semuafilm', [...])
 6 SYSTEMPATH\CodeIgniter.php(934): App\Controllers\Film->all()
 7 SYSTEMPATH\CodeIgniter.php(499): CodeIgniter\CodeIgniter->runController(Object(App\Controllers\Film))
 8 SYSTEMPATH\CodeIgniter.php(368): CodeIgniter\CodeIgniter->handleRequest(null, Object(Config\Cache), false)
 9 FCPATH\index.php(67): CodeIgniter\CodeIgniter->run()
10 SYSTEMPATH\Commands\Server\rewrite.php(47): require_once('C:\\xampp\\htdocs\\MI4B\\public\\index.php')
