CRITICAL - 2023-06-14 00:42:51 --> Undefined index: nama_genre
in APPPATH\Views\Film\index.php on line 22.
 1 APPPATH\Views\Film\index.php(22): CodeIgniter\Debug\Exceptions->errorHandler(8, 'Undefined index: nama_genre', 'C:\\xampp\\htdocs\\MI4B\\app\\Views\\Film\\index.php', 22, [...])
 2 SYSTEMPATH\View\View.php(213): include('C:\\xampp\\htdocs\\MI4B\\app\\Views\\Film\\index.php')
 3 SYSTEMPATH\View\View.php(216): CodeIgniter\View\View->CodeIgniter\View\{closure}()
 4 SYSTEMPATH\Common.php(1184): CodeIgniter\View\View->render('Film/index', [], true)
 5 APPPATH\Controllers\Film.php(22): view('Film/index', [...])
 6 SYSTEMPATH\CodeIgniter.php(934): App\Controllers\Film->index()
 7 SYSTEMPATH\CodeIgniter.php(499): CodeIgniter\CodeIgniter->runController(Object(App\Controllers\Film))
 8 SYSTEMPATH\CodeIgniter.php(368): CodeIgniter\CodeIgniter->handleRequest(null, Object(Config\Cache), false)
 9 FCPATH\index.php(67): CodeIgniter\CodeIgniter->run()
10 SYSTEMPATH\Commands\Server\rewrite.php(47): require_once('C:\\xampp\\htdocs\\MI4B\\public\\index.php')
ERROR - 2023-06-14 00:42:56 --> mysqli_sql_exception: You have an error in your SQL syntax; check the manual that corresponds to your MariaDB server version for the right syntax to use near '*, `genre`.`nama_genre`
FROM `film`
JOIN `genre` ON `genre`.`id` = `film`.`id...' at line 1 in C:\xampp\htdocs\MI4B\system\Database\MySQLi\Connection.php:295
Stack trace:
#0 C:\xampp\htdocs\MI4B\system\Database\MySQLi\Connection.php(295): mysqli->query('SELECT `film`, ...', 0)
#1 C:\xampp\htdocs\MI4B\system\Database\BaseConnection.php(692): CodeIgniter\Database\MySQLi\Connection->execute('SELECT `film`, ...')
#2 C:\xampp\htdocs\MI4B\system\Database\BaseConnection.php(606): CodeIgniter\Database\BaseConnection->simpleQuery('SELECT `film`, ...')
#3 C:\xampp\htdocs\MI4B\system\Database\BaseBuilder.php(1616): CodeIgniter\Database\BaseConnection->query('SELECT `film`, ...', Array, false)
#4 C:\xampp\htdocs\MI4B\app\Models\FilmModel.php(50): CodeIgniter\Database\BaseBuilder->get()
#5 C:\xampp\htdocs\MI4B\app\Controllers\Film.php(27): App\Models\FilmModel->getAllDataJoin()
#6 C:\xampp\htdocs\MI4B\system\CodeIgniter.php(934): App\Controllers\Film->all()
#7 C:\xampp\htdocs\MI4B\system\CodeIgniter.php(499): CodeIgniter\CodeIgniter->runController(Object(App\Controllers\Film))
#8 C:\xampp\htdocs\MI4B\system\CodeIgniter.php(368): CodeIgniter\CodeIgniter->handleRequest(NULL, Object(Config\Cache), false)
#9 C:\xampp\htdocs\MI4B\public\index.php(67): CodeIgniter\CodeIgniter->run()
#10 C:\xampp\htdocs\MI4B\system\Commands\Server\rewrite.php(47): require_once('C:\\xampp\\htdocs...')
#11 {main}
CRITICAL - 2023-06-14 00:42:56 --> You have an error in your SQL syntax; check the manual that corresponds to your MariaDB server version for the right syntax to use near '*, `genre`.`nama_genre`
FROM `film`
JOIN `genre` ON `genre`.`id` = `film`.`id...' at line 1
in SYSTEMPATH\Database\MySQLi\Connection.php on line 295.
 1 SYSTEMPATH\Database\MySQLi\Connection.php(295): mysqli->query('SELECT `film`, *, `genre`.`nama_genre`
FROM `film`
JOIN `genre` ON `genre`.`id` = `film`.`id`.`genre`', 0)
 2 SYSTEMPATH\Database\BaseConnection.php(692): CodeIgniter\Database\MySQLi\Connection->execute('SELECT `film`, *, `genre`.`nama_genre`
FROM `film`
JOIN `genre` ON `genre`.`id` = `film`.`id`.`genre`')
 3 SYSTEMPATH\Database\BaseConnection.php(606): CodeIgniter\Database\BaseConnection->simpleQuery('SELECT `film`, *, `genre`.`nama_genre`
FROM `film`
JOIN `genre` ON `genre`.`id` = `film`.`id`.`genre`')
 4 SYSTEMPATH\Database\BaseBuilder.php(1616): CodeIgniter\Database\BaseConnection->query('SELECT `film`, *, `genre`.`nama_genre`
FROM `film`
JOIN `genre` ON `genre`.`id` = `film`.`id`.`genre`', [], false)
 5 APPPATH\Models\FilmModel.php(50): CodeIgniter\Database\BaseBuilder->get()
 6 APPPATH\Controllers\Film.php(27): App\Models\FilmModel->getAllDataJoin()
 7 SYSTEMPATH\CodeIgniter.php(934): App\Controllers\Film->all()
 8 SYSTEMPATH\CodeIgniter.php(499): CodeIgniter\CodeIgniter->runController(Object(App\Controllers\Film))
 9 SYSTEMPATH\CodeIgniter.php(368): CodeIgniter\CodeIgniter->handleRequest(null, Object(Config\Cache), false)
10 FCPATH\index.php(67): CodeIgniter\CodeIgniter->run()
11 SYSTEMPATH\Commands\Server\rewrite.php(47): require_once('C:\\xampp\\htdocs\\MI4B\\public\\index.php')
ERROR - 2023-06-14 00:43:05 --> mysqli_sql_exception: You have an error in your SQL syntax; check the manual that corresponds to your MariaDB server version for the right syntax to use near '*, `genre`.`nama_genre`
FROM `film`
JOIN `genre` ON `genre`.`id` = `film`.`id...' at line 1 in C:\xampp\htdocs\MI4B\system\Database\MySQLi\Connection.php:295
Stack trace:
#0 C:\xampp\htdocs\MI4B\system\Database\MySQLi\Connection.php(295): mysqli->query('SELECT `film`, ...', 0)
#1 C:\xampp\htdocs\MI4B\system\Database\BaseConnection.php(692): CodeIgniter\Database\MySQLi\Connection->execute('SELECT `film`, ...')
#2 C:\xampp\htdocs\MI4B\system\Database\BaseConnection.php(606): CodeIgniter\Database\BaseConnection->simpleQuery('SELECT `film`, ...')
#3 C:\xampp\htdocs\MI4B\system\Database\BaseBuilder.php(1616): CodeIgniter\Database\BaseConnection->query('SELECT `film`, ...', Array, false)
#4 C:\xampp\htdocs\MI4B\app\Models\FilmModel.php(50): CodeIgniter\Database\BaseBuilder->get()
#5 C:\xampp\htdocs\MI4B\app\Controllers\Film.php(27): App\Models\FilmModel->getAllDataJoin()
#6 C:\xampp\htdocs\MI4B\system\CodeIgniter.php(934): App\Controllers\Film->all()
#7 C:\xampp\htdocs\MI4B\system\CodeIgniter.php(499): CodeIgniter\CodeIgniter->runController(Object(App\Controllers\Film))
#8 C:\xampp\htdocs\MI4B\system\CodeIgniter.php(368): CodeIgniter\CodeIgniter->handleRequest(NULL, Object(Config\Cache), false)
#9 C:\xampp\htdocs\MI4B\public\index.php(67): CodeIgniter\CodeIgniter->run()
#10 C:\xampp\htdocs\MI4B\system\Commands\Server\rewrite.php(47): require_once('C:\\xampp\\htdocs...')
#11 {main}
CRITICAL - 2023-06-14 00:43:05 --> You have an error in your SQL syntax; check the manual that corresponds to your MariaDB server version for the right syntax to use near '*, `genre`.`nama_genre`
FROM `film`
JOIN `genre` ON `genre`.`id` = `film`.`id...' at line 1
in SYSTEMPATH\Database\MySQLi\Connection.php on line 295.
 1 SYSTEMPATH\Database\MySQLi\Connection.php(295): mysqli->query('SELECT `film`, *, `genre`.`nama_genre`
FROM `film`
JOIN `genre` ON `genre`.`id` = `film`.`id`.`genre`', 0)
 2 SYSTEMPATH\Database\BaseConnection.php(692): CodeIgniter\Database\MySQLi\Connection->execute('SELECT `film`, *, `genre`.`nama_genre`
FROM `film`
JOIN `genre` ON `genre`.`id` = `film`.`id`.`genre`')
 3 SYSTEMPATH\Database\BaseConnection.php(606): CodeIgniter\Database\BaseConnection->simpleQuery('SELECT `film`, *, `genre`.`nama_genre`
FROM `film`
JOIN `genre` ON `genre`.`id` = `film`.`id`.`genre`')
 4 SYSTEMPATH\Database\BaseBuilder.php(1616): CodeIgniter\Database\BaseConnection->query('SELECT `film`, *, `genre`.`nama_genre`
FROM `film`
JOIN `genre` ON `genre`.`id` = `film`.`id`.`genre`', [], false)
 5 APPPATH\Models\FilmModel.php(50): CodeIgniter\Database\BaseBuilder->get()
 6 APPPATH\Controllers\Film.php(27): App\Models\FilmModel->getAllDataJoin()
 7 SYSTEMPATH\CodeIgniter.php(934): App\Controllers\Film->all()
 8 SYSTEMPATH\CodeIgniter.php(499): CodeIgniter\CodeIgniter->runController(Object(App\Controllers\Film))
 9 SYSTEMPATH\CodeIgniter.php(368): CodeIgniter\CodeIgniter->handleRequest(null, Object(Config\Cache), false)
10 FCPATH\index.php(67): CodeIgniter\CodeIgniter->run()
11 SYSTEMPATH\Commands\Server\rewrite.php(47): require_once('C:\\xampp\\htdocs\\MI4B\\public\\index.php')
CRITICAL - 2023-06-14 00:44:08 --> syntax error, unexpected '}', expecting ';'
in APPPATH\Models\FilmModel.php on line 51.
 1 SYSTEMPATH\Autoloader\Autoloader.php(289): CodeIgniter\Autoloader\Autoloader->includeFile('C:\\xampp\\htdocs\\MI4B\\app\\Models\\FilmModel.php')
 2 SYSTEMPATH\Autoloader\Autoloader.php(267): CodeIgniter\Autoloader\Autoloader->loadInNamespace('App\\Models\\FilmModel')
 3 [internal function]: CodeIgniter\Autoloader\Autoloader->loadClass('App\\Models\\FilmModel')
 4 APPPATH\Controllers\Film.php(17): spl_autoload_call('App\\Models\\FilmModel')
 5 SYSTEMPATH\CodeIgniter.php(906): App\Controllers\Film->__construct()
 6 SYSTEMPATH\CodeIgniter.php(490): CodeIgniter\CodeIgniter->createController()
 7 SYSTEMPATH\CodeIgniter.php(368): CodeIgniter\CodeIgniter->handleRequest(null, Object(Config\Cache), false)
 8 FCPATH\index.php(67): CodeIgniter\CodeIgniter->run()
 9 SYSTEMPATH\Commands\Server\rewrite.php(47): require_once('C:\\xampp\\htdocs\\MI4B\\public\\index.php')
ERROR - 2023-06-14 00:44:22 --> mysqli_sql_exception: You have an error in your SQL syntax; check the manual that corresponds to your MariaDB server version for the right syntax to use near '*, `genre`.`nama_genre`
FROM `film`
JOIN `genre` ON `genre`.`id_genre` = `fil...' at line 1 in C:\xampp\htdocs\MI4B\system\Database\MySQLi\Connection.php:295
Stack trace:
#0 C:\xampp\htdocs\MI4B\system\Database\MySQLi\Connection.php(295): mysqli->query('SELECT `film`, ...', 0)
#1 C:\xampp\htdocs\MI4B\system\Database\BaseConnection.php(692): CodeIgniter\Database\MySQLi\Connection->execute('SELECT `film`, ...')
#2 C:\xampp\htdocs\MI4B\system\Database\BaseConnection.php(606): CodeIgniter\Database\BaseConnection->simpleQuery('SELECT `film`, ...')
#3 C:\xampp\htdocs\MI4B\system\Database\BaseBuilder.php(1616): CodeIgniter\Database\BaseConnection->query('SELECT `film`, ...', Array, false)
#4 C:\xampp\htdocs\MI4B\app\Models\FilmModel.php(50): CodeIgniter\Database\BaseBuilder->get()
#5 C:\xampp\htdocs\MI4B\app\Controllers\Film.php(27): App\Models\FilmModel->getAllDataJoin()
#6 C:\xampp\htdocs\MI4B\system\CodeIgniter.php(934): App\Controllers\Film->all()
#7 C:\xampp\htdocs\MI4B\system\CodeIgniter.php(499): CodeIgniter\CodeIgniter->runController(Object(App\Controllers\Film))
#8 C:\xampp\htdocs\MI4B\system\CodeIgniter.php(368): CodeIgniter\CodeIgniter->handleRequest(NULL, Object(Config\Cache), false)
#9 C:\xampp\htdocs\MI4B\public\index.php(67): CodeIgniter\CodeIgniter->run()
#10 C:\xampp\htdocs\MI4B\system\Commands\Server\rewrite.php(47): require_once('C:\\xampp\\htdocs...')
#11 {main}
CRITICAL - 2023-06-14 00:44:22 --> You have an error in your SQL syntax; check the manual that corresponds to your MariaDB server version for the right syntax to use near '*, `genre`.`nama_genre`
FROM `film`
JOIN `genre` ON `genre`.`id_genre` = `fil...' at line 1
in SYSTEMPATH\Database\MySQLi\Connection.php on line 295.
 1 SYSTEMPATH\Database\MySQLi\Connection.php(295): mysqli->query('SELECT `film`, *, `genre`.`nama_genre`
FROM `film`
JOIN `genre` ON `genre`.`id_genre` = `film`.`id`.`genre`', 0)
 2 SYSTEMPATH\Database\BaseConnection.php(692): CodeIgniter\Database\MySQLi\Connection->execute('SELECT `film`, *, `genre`.`nama_genre`
FROM `film`
JOIN `genre` ON `genre`.`id_genre` = `film`.`id`.`genre`')
 3 SYSTEMPATH\Database\BaseConnection.php(606): CodeIgniter\Database\BaseConnection->simpleQuery('SELECT `film`, *, `genre`.`nama_genre`
FROM `film`
JOIN `genre` ON `genre`.`id_genre` = `film`.`id`.`genre`')
 4 SYSTEMPATH\Database\BaseBuilder.php(1616): CodeIgniter\Database\BaseConnection->query('SELECT `film`, *, `genre`.`nama_genre`
FROM `film`
JOIN `genre` ON `genre`.`id_genre` = `film`.`id`.`genre`', [], false)
 5 APPPATH\Models\FilmModel.php(50): CodeIgniter\Database\BaseBuilder->get()
 6 APPPATH\Controllers\Film.php(27): App\Models\FilmModel->getAllDataJoin()
 7 SYSTEMPATH\CodeIgniter.php(934): App\Controllers\Film->all()
 8 SYSTEMPATH\CodeIgniter.php(499): CodeIgniter\CodeIgniter->runController(Object(App\Controllers\Film))
 9 SYSTEMPATH\CodeIgniter.php(368): CodeIgniter\CodeIgniter->handleRequest(null, Object(Config\Cache), false)
10 FCPATH\index.php(67): CodeIgniter\CodeIgniter->run()
11 SYSTEMPATH\Commands\Server\rewrite.php(47): require_once('C:\\xampp\\htdocs\\MI4B\\public\\index.php')
ERROR - 2023-06-14 00:45:42 --> mysqli_sql_exception: You have an error in your SQL syntax; check the manual that corresponds to your MariaDB server version for the right syntax to use near '*, `genre`.`nama_genre`
FROM `film`
JOIN `genre` ON `genre`.`id_genre` = `fil...' at line 1 in C:\xampp\htdocs\MI4B\system\Database\MySQLi\Connection.php:295
Stack trace:
#0 C:\xampp\htdocs\MI4B\system\Database\MySQLi\Connection.php(295): mysqli->query('SELECT `film`, ...', 0)
#1 C:\xampp\htdocs\MI4B\system\Database\BaseConnection.php(692): CodeIgniter\Database\MySQLi\Connection->execute('SELECT `film`, ...')
#2 C:\xampp\htdocs\MI4B\system\Database\BaseConnection.php(606): CodeIgniter\Database\BaseConnection->simpleQuery('SELECT `film`, ...')
#3 C:\xampp\htdocs\MI4B\system\Database\BaseBuilder.php(1616): CodeIgniter\Database\BaseConnection->query('SELECT `film`, ...', Array, false)
#4 C:\xampp\htdocs\MI4B\app\Models\FilmModel.php(50): CodeIgniter\Database\BaseBuilder->get()
#5 C:\xampp\htdocs\MI4B\app\Controllers\Film.php(27): App\Models\FilmModel->getAllDataJoin()
#6 C:\xampp\htdocs\MI4B\system\CodeIgniter.php(934): App\Controllers\Film->all()
#7 C:\xampp\htdocs\MI4B\system\CodeIgniter.php(499): CodeIgniter\CodeIgniter->runController(Object(App\Controllers\Film))
#8 C:\xampp\htdocs\MI4B\system\CodeIgniter.php(368): CodeIgniter\CodeIgniter->handleRequest(NULL, Object(Config\Cache), false)
#9 C:\xampp\htdocs\MI4B\public\index.php(67): CodeIgniter\CodeIgniter->run()
#10 C:\xampp\htdocs\MI4B\system\Commands\Server\rewrite.php(47): require_once('C:\\xampp\\htdocs...')
#11 {main}
CRITICAL - 2023-06-14 00:45:42 --> You have an error in your SQL syntax; check the manual that corresponds to your MariaDB server version for the right syntax to use near '*, `genre`.`nama_genre`
FROM `film`
JOIN `genre` ON `genre`.`id_genre` = `fil...' at line 1
in SYSTEMPATH\Database\MySQLi\Connection.php on line 295.
 1 SYSTEMPATH\Database\MySQLi\Connection.php(295): mysqli->query('SELECT `film`, *, `genre`.`nama_genre`
FROM `film`
JOIN `genre` ON `genre`.`id_genre` = `film`.`id`.`genre`', 0)
 2 SYSTEMPATH\Database\BaseConnection.php(692): CodeIgniter\Database\MySQLi\Connection->execute('SELECT `film`, *, `genre`.`nama_genre`
FROM `film`
JOIN `genre` ON `genre`.`id_genre` = `film`.`id`.`genre`')
 3 SYSTEMPATH\Database\BaseConnection.php(606): CodeIgniter\Database\BaseConnection->simpleQuery('SELECT `film`, *, `genre`.`nama_genre`
FROM `film`
JOIN `genre` ON `genre`.`id_genre` = `film`.`id`.`genre`')
 4 SYSTEMPATH\Database\BaseBuilder.php(1616): CodeIgniter\Database\BaseConnection->query('SELECT `film`, *, `genre`.`nama_genre`
FROM `film`
JOIN `genre` ON `genre`.`id_genre` = `film`.`id`.`genre`', [], false)
 5 APPPATH\Models\FilmModel.php(50): CodeIgniter\Database\BaseBuilder->get()
 6 APPPATH\Controllers\Film.php(27): App\Models\FilmModel->getAllDataJoin()
 7 SYSTEMPATH\CodeIgniter.php(934): App\Controllers\Film->all()
 8 SYSTEMPATH\CodeIgniter.php(499): CodeIgniter\CodeIgniter->runController(Object(App\Controllers\Film))
 9 SYSTEMPATH\CodeIgniter.php(368): CodeIgniter\CodeIgniter->handleRequest(null, Object(Config\Cache), false)
10 FCPATH\index.php(67): CodeIgniter\CodeIgniter->run()
11 SYSTEMPATH\Commands\Server\rewrite.php(47): require_once('C:\\xampp\\htdocs\\MI4B\\public\\index.php')
ERROR - 2023-06-14 00:47:12 --> mysqli_sql_exception: You have an error in your SQL syntax; check the manual that corresponds to your MariaDB server version for the right syntax to use near '*, `genre`.`nama_genre`
FROM `film`
JOIN `genre` ON `genre`.`id_genre` = `fil...' at line 1 in C:\xampp\htdocs\MI4B\system\Database\MySQLi\Connection.php:295
Stack trace:
#0 C:\xampp\htdocs\MI4B\system\Database\MySQLi\Connection.php(295): mysqli->query('SELECT `film`, ...', 0)
#1 C:\xampp\htdocs\MI4B\system\Database\BaseConnection.php(692): CodeIgniter\Database\MySQLi\Connection->execute('SELECT `film`, ...')
#2 C:\xampp\htdocs\MI4B\system\Database\BaseConnection.php(606): CodeIgniter\Database\BaseConnection->simpleQuery('SELECT `film`, ...')
#3 C:\xampp\htdocs\MI4B\system\Database\BaseBuilder.php(1616): CodeIgniter\Database\BaseConnection->query('SELECT `film`, ...', Array, false)
#4 C:\xampp\htdocs\MI4B\app\Models\FilmModel.php(50): CodeIgniter\Database\BaseBuilder->get()
#5 C:\xampp\htdocs\MI4B\app\Controllers\Film.php(27): App\Models\FilmModel->getAllDataJoin()
#6 C:\xampp\htdocs\MI4B\system\CodeIgniter.php(934): App\Controllers\Film->all()
#7 C:\xampp\htdocs\MI4B\system\CodeIgniter.php(499): CodeIgniter\CodeIgniter->runController(Object(App\Controllers\Film))
#8 C:\xampp\htdocs\MI4B\system\CodeIgniter.php(368): CodeIgniter\CodeIgniter->handleRequest(NULL, Object(Config\Cache), false)
#9 C:\xampp\htdocs\MI4B\public\index.php(67): CodeIgniter\CodeIgniter->run()
#10 C:\xampp\htdocs\MI4B\system\Commands\Server\rewrite.php(47): require_once('C:\\xampp\\htdocs...')
#11 {main}
CRITICAL - 2023-06-14 00:47:12 --> You have an error in your SQL syntax; check the manual that corresponds to your MariaDB server version for the right syntax to use near '*, `genre`.`nama_genre`
FROM `film`
JOIN `genre` ON `genre`.`id_genre` = `fil...' at line 1
in SYSTEMPATH\Database\MySQLi\Connection.php on line 295.
 1 SYSTEMPATH\Database\MySQLi\Connection.php(295): mysqli->query('SELECT `film`, *, `genre`.`nama_genre`
FROM `film`
JOIN `genre` ON `genre`.`id_genre` = `film`.`id`.`genre`', 0)
 2 SYSTEMPATH\Database\BaseConnection.php(692): CodeIgniter\Database\MySQLi\Connection->execute('SELECT `film`, *, `genre`.`nama_genre`
FROM `film`
JOIN `genre` ON `genre`.`id_genre` = `film`.`id`.`genre`')
 3 SYSTEMPATH\Database\BaseConnection.php(606): CodeIgniter\Database\BaseConnection->simpleQuery('SELECT `film`, *, `genre`.`nama_genre`
FROM `film`
JOIN `genre` ON `genre`.`id_genre` = `film`.`id`.`genre`')
 4 SYSTEMPATH\Database\BaseBuilder.php(1616): CodeIgniter\Database\BaseConnection->query('SELECT `film`, *, `genre`.`nama_genre`
FROM `film`
JOIN `genre` ON `genre`.`id_genre` = `film`.`id`.`genre`', [], false)
 5 APPPATH\Models\FilmModel.php(50): CodeIgniter\Database\BaseBuilder->get()
 6 APPPATH\Controllers\Film.php(27): App\Models\FilmModel->getAllDataJoin()
 7 SYSTEMPATH\CodeIgniter.php(934): App\Controllers\Film->all()
 8 SYSTEMPATH\CodeIgniter.php(499): CodeIgniter\CodeIgniter->runController(Object(App\Controllers\Film))
 9 SYSTEMPATH\CodeIgniter.php(368): CodeIgniter\CodeIgniter->handleRequest(null, Object(Config\Cache), false)
10 FCPATH\index.php(67): CodeIgniter\CodeIgniter->run()
11 SYSTEMPATH\Commands\Server\rewrite.php(47): require_once('C:\\xampp\\htdocs\\MI4B\\public\\index.php')
ERROR - 2023-06-14 00:48:34 --> mysqli_sql_exception: You have an error in your SQL syntax; check the manual that corresponds to your MariaDB server version for the right syntax to use near '*, `genre`.`nama_genre`
FROM `film`
JOIN `genre` ON `genre`.`id_genre` = `fil...' at line 1 in C:\xampp\htdocs\MI4B\system\Database\MySQLi\Connection.php:295
Stack trace:
#0 C:\xampp\htdocs\MI4B\system\Database\MySQLi\Connection.php(295): mysqli->query('SELECT `film`, ...', 0)
#1 C:\xampp\htdocs\MI4B\system\Database\BaseConnection.php(692): CodeIgniter\Database\MySQLi\Connection->execute('SELECT `film`, ...')
#2 C:\xampp\htdocs\MI4B\system\Database\BaseConnection.php(606): CodeIgniter\Database\BaseConnection->simpleQuery('SELECT `film`, ...')
#3 C:\xampp\htdocs\MI4B\system\Database\BaseBuilder.php(1616): CodeIgniter\Database\BaseConnection->query('SELECT `film`, ...', Array, false)
#4 C:\xampp\htdocs\MI4B\app\Models\FilmModel.php(50): CodeIgniter\Database\BaseBuilder->get()
#5 C:\xampp\htdocs\MI4B\app\Controllers\Film.php(27): App\Models\FilmModel->getAllDataJoin()
#6 C:\xampp\htdocs\MI4B\system\CodeIgniter.php(934): App\Controllers\Film->all()
#7 C:\xampp\htdocs\MI4B\system\CodeIgniter.php(499): CodeIgniter\CodeIgniter->runController(Object(App\Controllers\Film))
#8 C:\xampp\htdocs\MI4B\system\CodeIgniter.php(368): CodeIgniter\CodeIgniter->handleRequest(NULL, Object(Config\Cache), false)
#9 C:\xampp\htdocs\MI4B\public\index.php(67): CodeIgniter\CodeIgniter->run()
#10 C:\xampp\htdocs\MI4B\system\Commands\Server\rewrite.php(47): require_once('C:\\xampp\\htdocs...')
#11 {main}
CRITICAL - 2023-06-14 00:48:34 --> You have an error in your SQL syntax; check the manual that corresponds to your MariaDB server version for the right syntax to use near '*, `genre`.`nama_genre`
FROM `film`
JOIN `genre` ON `genre`.`id_genre` = `fil...' at line 1
in SYSTEMPATH\Database\MySQLi\Connection.php on line 295.
 1 SYSTEMPATH\Database\MySQLi\Connection.php(295): mysqli->query('SELECT `film`, *, `genre`.`nama_genre`
FROM `film`
JOIN `genre` ON `genre`.`id_genre` = `film`.`id_genre`', 0)
 2 SYSTEMPATH\Database\BaseConnection.php(692): CodeIgniter\Database\MySQLi\Connection->execute('SELECT `film`, *, `genre`.`nama_genre`
FROM `film`
JOIN `genre` ON `genre`.`id_genre` = `film`.`id_genre`')
 3 SYSTEMPATH\Database\BaseConnection.php(606): CodeIgniter\Database\BaseConnection->simpleQuery('SELECT `film`, *, `genre`.`nama_genre`
FROM `film`
JOIN `genre` ON `genre`.`id_genre` = `film`.`id_genre`')
 4 SYSTEMPATH\Database\BaseBuilder.php(1616): CodeIgniter\Database\BaseConnection->query('SELECT `film`, *, `genre`.`nama_genre`
FROM `film`
JOIN `genre` ON `genre`.`id_genre` = `film`.`id_genre`', [], false)
 5 APPPATH\Models\FilmModel.php(50): CodeIgniter\Database\BaseBuilder->get()
 6 APPPATH\Controllers\Film.php(27): App\Models\FilmModel->getAllDataJoin()
 7 SYSTEMPATH\CodeIgniter.php(934): App\Controllers\Film->all()
 8 SYSTEMPATH\CodeIgniter.php(499): CodeIgniter\CodeIgniter->runController(Object(App\Controllers\Film))
 9 SYSTEMPATH\CodeIgniter.php(368): CodeIgniter\CodeIgniter->handleRequest(null, Object(Config\Cache), false)
10 FCPATH\index.php(67): CodeIgniter\CodeIgniter->run()
11 SYSTEMPATH\Commands\Server\rewrite.php(47): require_once('C:\\xampp\\htdocs\\MI4B\\public\\index.php')
CRITICAL - 2023-06-14 01:25:11 --> Undefined index: nama_genre
in APPPATH\Views\Film\index.php on line 22.
 1 APPPATH\Views\Film\index.php(22): CodeIgniter\Debug\Exceptions->errorHandler(8, 'Undefined index: nama_genre', 'C:\\xampp\\htdocs\\MI4B\\app\\Views\\Film\\index.php', 22, [...])
 2 SYSTEMPATH\View\View.php(213): include('C:\\xampp\\htdocs\\MI4B\\app\\Views\\Film\\index.php')
 3 SYSTEMPATH\View\View.php(216): CodeIgniter\View\View->CodeIgniter\View\{closure}()
 4 SYSTEMPATH\Common.php(1184): CodeIgniter\View\View->render('Film/index', [], true)
 5 APPPATH\Controllers\Film.php(22): view('Film/index', [...])
 6 SYSTEMPATH\CodeIgniter.php(934): App\Controllers\Film->index()
 7 SYSTEMPATH\CodeIgniter.php(499): CodeIgniter\CodeIgniter->runController(Object(App\Controllers\Film))
 8 SYSTEMPATH\CodeIgniter.php(368): CodeIgniter\CodeIgniter->handleRequest(null, Object(Config\Cache), false)
 9 FCPATH\index.php(67): CodeIgniter\CodeIgniter->run()
10 SYSTEMPATH\Commands\Server\rewrite.php(47): require_once('C:\\xampp\\htdocs\\MI4B\\public\\index.php')
CRITICAL - 2023-06-14 03:01:41 --> syntax error, unexpected end of file
in APPPATH\Views\Film\semuafilm.php on line 55.
 1 SYSTEMPATH\View\View.php(216): CodeIgniter\View\View->CodeIgniter\View\{closure}()
 2 SYSTEMPATH\Common.php(1184): CodeIgniter\View\View->render('Film/semuafilm', [], true)
 3 APPPATH\Controllers\Film.php(28): view('Film/semuafilm', [...])
 4 SYSTEMPATH\CodeIgniter.php(934): App\Controllers\Film->all()
 5 SYSTEMPATH\CodeIgniter.php(499): CodeIgniter\CodeIgniter->runController(Object(App\Controllers\Film))
 6 SYSTEMPATH\CodeIgniter.php(368): CodeIgniter\CodeIgniter->handleRequest(null, Object(Config\Cache), false)
 7 FCPATH\index.php(67): CodeIgniter\CodeIgniter->run()
 8 SYSTEMPATH\Commands\Server\rewrite.php(47): require_once('C:\\xampp\\htdocs\\MI4B\\public\\index.php')
CRITICAL - 2023-06-14 03:14:10 --> Undefined variable: semuafilm
in APPPATH\Views\Film\semuafilm.php on line 38.
 1 APPPATH\Views\Film\semuafilm.php(38): CodeIgniter\Debug\Exceptions->errorHandler(8, 'Undefined variable: semuafilm', 'C:\\xampp\\htdocs\\MI4B\\app\\Views\\Film\\semuafilm.php', 38, [...])
 2 SYSTEMPATH\View\View.php(213): include('C:\\xampp\\htdocs\\MI4B\\app\\Views\\Film\\semuafilm.php')
 3 SYSTEMPATH\View\View.php(216): CodeIgniter\View\View->CodeIgniter\View\{closure}()
 4 SYSTEMPATH\Common.php(1184): CodeIgniter\View\View->render('Film/semuafilm', [], true)
 5 APPPATH\Controllers\Film.php(28): view('Film/semuafilm', [...])
 6 SYSTEMPATH\CodeIgniter.php(934): App\Controllers\Film->all()
 7 SYSTEMPATH\CodeIgniter.php(499): CodeIgniter\CodeIgniter->runController(Object(App\Controllers\Film))
 8 SYSTEMPATH\CodeIgniter.php(368): CodeIgniter\CodeIgniter->handleRequest(null, Object(Config\Cache), false)
 9 FCPATH\index.php(67): CodeIgniter\CodeIgniter->run()
10 SYSTEMPATH\Commands\Server\rewrite.php(47): require_once('C:\\xampp\\htdocs\\MI4B\\public\\index.php')
CRITICAL - 2023-06-14 03:16:25 --> Undefined variable: semuafilm
in APPPATH\Views\Film\semuafilm.php on line 39.
 1 APPPATH\Views\Film\semuafilm.php(39): CodeIgniter\Debug\Exceptions->errorHandler(8, 'Undefined variable: semuafilm', 'C:\\xampp\\htdocs\\MI4B\\app\\Views\\Film\\semuafilm.php', 39, [...])
 2 SYSTEMPATH\View\View.php(213): include('C:\\xampp\\htdocs\\MI4B\\app\\Views\\Film\\semuafilm.php')
 3 SYSTEMPATH\View\View.php(216): CodeIgniter\View\View->CodeIgniter\View\{closure}()
 4 SYSTEMPATH\Common.php(1184): CodeIgniter\View\View->render('Film/semuafilm', [], true)
 5 APPPATH\Controllers\Film.php(28): view('Film/semuafilm', [...])
 6 SYSTEMPATH\CodeIgniter.php(934): App\Controllers\Film->all()
 7 SYSTEMPATH\CodeIgniter.php(499): CodeIgniter\CodeIgniter->runController(Object(App\Controllers\Film))
 8 SYSTEMPATH\CodeIgniter.php(368): CodeIgniter\CodeIgniter->handleRequest(null, Object(Config\Cache), false)
 9 FCPATH\index.php(67): CodeIgniter\CodeIgniter->run()
10 SYSTEMPATH\Commands\Server\rewrite.php(47): require_once('C:\\xampp\\htdocs\\MI4B\\public\\index.php')
CRITICAL - 2023-06-14 03:17:05 --> Undefined variable: semuafilm
in APPPATH\Views\Film\semuafilm.php on line 39.
 1 APPPATH\Views\Film\semuafilm.php(39): CodeIgniter\Debug\Exceptions->errorHandler(8, 'Undefined variable: semuafilm', 'C:\\xampp\\htdocs\\MI4B\\app\\Views\\Film\\semuafilm.php', 39, [...])
 2 SYSTEMPATH\View\View.php(213): include('C:\\xampp\\htdocs\\MI4B\\app\\Views\\Film\\semuafilm.php')
 3 SYSTEMPATH\View\View.php(216): CodeIgniter\View\View->CodeIgniter\View\{closure}()
 4 SYSTEMPATH\Common.php(1184): CodeIgniter\View\View->render('Film/semuafilm', [], true)
 5 APPPATH\Controllers\Film.php(28): view('Film/semuafilm', [...])
 6 SYSTEMPATH\CodeIgniter.php(934): App\Controllers\Film->all()
 7 SYSTEMPATH\CodeIgniter.php(499): CodeIgniter\CodeIgniter->runController(Object(App\Controllers\Film))
 8 SYSTEMPATH\CodeIgniter.php(368): CodeIgniter\CodeIgniter->handleRequest(null, Object(Config\Cache), false)
 9 FCPATH\index.php(67): CodeIgniter\CodeIgniter->run()
10 SYSTEMPATH\Commands\Server\rewrite.php(47): require_once('C:\\xampp\\htdocs\\MI4B\\public\\index.php')
CRITICAL - 2023-06-14 03:19:17 --> Undefined variable: semuafilm
in APPPATH\Views\Film\semuafilm.php on line 38.
 1 APPPATH\Views\Film\semuafilm.php(38): CodeIgniter\Debug\Exceptions->errorHandler(8, 'Undefined variable: semuafilm', 'C:\\xampp\\htdocs\\MI4B\\app\\Views\\Film\\semuafilm.php', 38, [...])
 2 SYSTEMPATH\View\View.php(213): include('C:\\xampp\\htdocs\\MI4B\\app\\Views\\Film\\semuafilm.php')
 3 SYSTEMPATH\View\View.php(216): CodeIgniter\View\View->CodeIgniter\View\{closure}()
 4 SYSTEMPATH\Common.php(1184): CodeIgniter\View\View->render('Film/semuafilm', [], true)
 5 APPPATH\Controllers\Film.php(28): view('Film/semuafilm', [...])
 6 SYSTEMPATH\CodeIgniter.php(934): App\Controllers\Film->all()
 7 SYSTEMPATH\CodeIgniter.php(499): CodeIgniter\CodeIgniter->runController(Object(App\Controllers\Film))
 8 SYSTEMPATH\CodeIgniter.php(368): CodeIgniter\CodeIgniter->handleRequest(null, Object(Config\Cache), false)
 9 FCPATH\index.php(67): CodeIgniter\CodeIgniter->run()
10 SYSTEMPATH\Commands\Server\rewrite.php(47): require_once('C:\\xampp\\htdocs\\MI4B\\public\\index.php')
CRITICAL - 2023-06-14 03:21:44 --> Undefined variable: semuafilm
in APPPATH\Views\Film\semuafilm.php on line 38.
 1 APPPATH\Views\Film\semuafilm.php(38): CodeIgniter\Debug\Exceptions->errorHandler(8, 'Undefined variable: semuafilm', 'C:\\xampp\\htdocs\\MI4B\\app\\Views\\Film\\semuafilm.php', 38, [...])
 2 SYSTEMPATH\View\View.php(213): include('C:\\xampp\\htdocs\\MI4B\\app\\Views\\Film\\semuafilm.php')
 3 SYSTEMPATH\View\View.php(216): CodeIgniter\View\View->CodeIgniter\View\{closure}()
 4 SYSTEMPATH\Common.php(1184): CodeIgniter\View\View->render('Film/semuafilm', [], true)
 5 APPPATH\Controllers\Film.php(28): view('Film/semuafilm', [...])
 6 SYSTEMPATH\CodeIgniter.php(934): App\Controllers\Film->all()
 7 SYSTEMPATH\CodeIgniter.php(499): CodeIgniter\CodeIgniter->runController(Object(App\Controllers\Film))
 8 SYSTEMPATH\CodeIgniter.php(368): CodeIgniter\CodeIgniter->handleRequest(null, Object(Config\Cache), false)
 9 FCPATH\index.php(67): CodeIgniter\CodeIgniter->run()
10 SYSTEMPATH\Commands\Server\rewrite.php(47): require_once('C:\\xampp\\htdocs\\MI4B\\public\\index.php')
CRITICAL - 2023-06-14 03:22:34 --> Undefined variable: semuafilm
in APPPATH\Views\Film\semuafilm.php on line 38.
 1 APPPATH\Views\Film\semuafilm.php(38): CodeIgniter\Debug\Exceptions->errorHandler(8, 'Undefined variable: semuafilm', 'C:\\xampp\\htdocs\\MI4B\\app\\Views\\Film\\semuafilm.php', 38, [...])
 2 SYSTEMPATH\View\View.php(213): include('C:\\xampp\\htdocs\\MI4B\\app\\Views\\Film\\semuafilm.php')
 3 SYSTEMPATH\View\View.php(216): CodeIgniter\View\View->CodeIgniter\View\{closure}()
 4 SYSTEMPATH\Common.php(1184): CodeIgniter\View\View->render('Film/semuafilm', [], true)
 5 APPPATH\Controllers\Film.php(28): view('Film/semuafilm', [...])
 6 SYSTEMPATH\CodeIgniter.php(934): App\Controllers\Film->all()
 7 SYSTEMPATH\CodeIgniter.php(499): CodeIgniter\CodeIgniter->runController(Object(App\Controllers\Film))
 8 SYSTEMPATH\CodeIgniter.php(368): CodeIgniter\CodeIgniter->handleRequest(null, Object(Config\Cache), false)
 9 FCPATH\index.php(67): CodeIgniter\CodeIgniter->run()
10 SYSTEMPATH\Commands\Server\rewrite.php(47): require_once('C:\\xampp\\htdocs\\MI4B\\public\\index.php')
ERROR - 2023-06-14 04:10:47 --> mysqli_sql_exception: You have an error in your SQL syntax; check the manual that corresponds to your MariaDB server version for the right syntax to use near '*, `genre`.`nama_genre`
FROM `film`
JOIN `genre` ON `genre`.`id_genre` = `fil...' at line 1 in C:\xampp\htdocs\MI4B\system\Database\MySQLi\Connection.php:295
Stack trace:
#0 C:\xampp\htdocs\MI4B\system\Database\MySQLi\Connection.php(295): mysqli->query('SELECT `film`, ...', 0)
#1 C:\xampp\htdocs\MI4B\system\Database\BaseConnection.php(692): CodeIgniter\Database\MySQLi\Connection->execute('SELECT `film`, ...')
#2 C:\xampp\htdocs\MI4B\system\Database\BaseConnection.php(606): CodeIgniter\Database\BaseConnection->simpleQuery('SELECT `film`, ...')
#3 C:\xampp\htdocs\MI4B\system\Database\BaseBuilder.php(1616): CodeIgniter\Database\BaseConnection->query('SELECT `film`, ...', Array, false)
#4 C:\xampp\htdocs\MI4B\app\Models\FilmModel.php(50): CodeIgniter\Database\BaseBuilder->get()
#5 C:\xampp\htdocs\MI4B\app\Controllers\Film.php(21): App\Models\FilmModel->getAllDataJoin()
#6 C:\xampp\htdocs\MI4B\system\CodeIgniter.php(934): App\Controllers\Film->index()
#7 C:\xampp\htdocs\MI4B\system\CodeIgniter.php(499): CodeIgniter\CodeIgniter->runController(Object(App\Controllers\Film))
#8 C:\xampp\htdocs\MI4B\system\CodeIgniter.php(368): CodeIgniter\CodeIgniter->handleRequest(NULL, Object(Config\Cache), false)
#9 C:\xampp\htdocs\MI4B\public\index.php(67): CodeIgniter\CodeIgniter->run()
#10 C:\xampp\htdocs\MI4B\system\Commands\Server\rewrite.php(47): require_once('C:\\xampp\\htdocs...')
#11 {main}
CRITICAL - 2023-06-14 04:10:47 --> You have an error in your SQL syntax; check the manual that corresponds to your MariaDB server version for the right syntax to use near '*, `genre`.`nama_genre`
FROM `film`
JOIN `genre` ON `genre`.`id_genre` = `fil...' at line 1
in SYSTEMPATH\Database\MySQLi\Connection.php on line 295.
 1 SYSTEMPATH\Database\MySQLi\Connection.php(295): mysqli->query('SELECT `film`, *, `genre`.`nama_genre`
FROM `film`
JOIN `genre` ON `genre`.`id_genre` = `film`.`id_genre`', 0)
 2 SYSTEMPATH\Database\BaseConnection.php(692): CodeIgniter\Database\MySQLi\Connection->execute('SELECT `film`, *, `genre`.`nama_genre`
FROM `film`
JOIN `genre` ON `genre`.`id_genre` = `film`.`id_genre`')
 3 SYSTEMPATH\Database\BaseConnection.php(606): CodeIgniter\Database\BaseConnection->simpleQuery('SELECT `film`, *, `genre`.`nama_genre`
FROM `film`
JOIN `genre` ON `genre`.`id_genre` = `film`.`id_genre`')
 4 SYSTEMPATH\Database\BaseBuilder.php(1616): CodeIgniter\Database\BaseConnection->query('SELECT `film`, *, `genre`.`nama_genre`
FROM `film`
JOIN `genre` ON `genre`.`id_genre` = `film`.`id_genre`', [], false)
 5 APPPATH\Models\FilmModel.php(50): CodeIgniter\Database\BaseBuilder->get()
 6 APPPATH\Controllers\Film.php(21): App\Models\FilmModel->getAllDataJoin()
 7 SYSTEMPATH\CodeIgniter.php(934): App\Controllers\Film->index()
 8 SYSTEMPATH\CodeIgniter.php(499): CodeIgniter\CodeIgniter->runController(Object(App\Controllers\Film))
 9 SYSTEMPATH\CodeIgniter.php(368): CodeIgniter\CodeIgniter->handleRequest(null, Object(Config\Cache), false)
10 FCPATH\index.php(67): CodeIgniter\CodeIgniter->run()
11 SYSTEMPATH\Commands\Server\rewrite.php(47): require_once('C:\\xampp\\htdocs\\MI4B\\public\\index.php')
CRITICAL - 2023-06-14 04:34:26 --> Undefined variable: i
in APPPATH\Views\Film\index.php on line 48.
 1 APPPATH\Views\Film\index.php(48): CodeIgniter\Debug\Exceptions->errorHandler(8, 'Undefined variable: i', 'C:\\xampp\\htdocs\\MI4B\\app\\Views\\Film\\index.php', 48, [...])
 2 SYSTEMPATH\View\View.php(213): include('C:\\xampp\\htdocs\\MI4B\\app\\Views\\Film\\index.php')
 3 SYSTEMPATH\View\View.php(216): CodeIgniter\View\View->CodeIgniter\View\{closure}()
 4 SYSTEMPATH\Common.php(1184): CodeIgniter\View\View->render('Film/index', [], true)
 5 APPPATH\Controllers\Film.php(22): view('Film/index', [...])
 6 SYSTEMPATH\CodeIgniter.php(934): App\Controllers\Film->index()
 7 SYSTEMPATH\CodeIgniter.php(499): CodeIgniter\CodeIgniter->runController(Object(App\Controllers\Film))
 8 SYSTEMPATH\CodeIgniter.php(368): CodeIgniter\CodeIgniter->handleRequest(null, Object(Config\Cache), false)
 9 FCPATH\index.php(67): CodeIgniter\CodeIgniter->run()
10 SYSTEMPATH\Commands\Server\rewrite.php(47): require_once('C:\\xampp\\htdocs\\MI4B\\public\\index.php')
CRITICAL - 2023-06-14 04:34:59 --> Undefined variable: i
in APPPATH\Views\Film\index.php on line 48.
 1 APPPATH\Views\Film\index.php(48): CodeIgniter\Debug\Exceptions->errorHandler(8, 'Undefined variable: i', 'C:\\xampp\\htdocs\\MI4B\\app\\Views\\Film\\index.php', 48, [...])
 2 SYSTEMPATH\View\View.php(213): include('C:\\xampp\\htdocs\\MI4B\\app\\Views\\Film\\index.php')
 3 SYSTEMPATH\View\View.php(216): CodeIgniter\View\View->CodeIgniter\View\{closure}()
 4 SYSTEMPATH\Common.php(1184): CodeIgniter\View\View->render('Film/index', [], true)
 5 APPPATH\Controllers\Film.php(22): view('Film/index', [...])
 6 SYSTEMPATH\CodeIgniter.php(934): App\Controllers\Film->index()
 7 SYSTEMPATH\CodeIgniter.php(499): CodeIgniter\CodeIgniter->runController(Object(App\Controllers\Film))
 8 SYSTEMPATH\CodeIgniter.php(368): CodeIgniter\CodeIgniter->handleRequest(null, Object(Config\Cache), false)
 9 FCPATH\index.php(67): CodeIgniter\CodeIgniter->run()
10 SYSTEMPATH\Commands\Server\rewrite.php(47): require_once('C:\\xampp\\htdocs\\MI4B\\public\\index.php')
CRITICAL - 2023-06-14 04:35:57 --> Undefined variable: i
in APPPATH\Views\Film\index.php on line 48.
 1 APPPATH\Views\Film\index.php(48): CodeIgniter\Debug\Exceptions->errorHandler(8, 'Undefined variable: i', 'C:\\xampp\\htdocs\\MI4B\\app\\Views\\Film\\index.php', 48, [...])
 2 SYSTEMPATH\View\View.php(213): include('C:\\xampp\\htdocs\\MI4B\\app\\Views\\Film\\index.php')
 3 SYSTEMPATH\View\View.php(216): CodeIgniter\View\View->CodeIgniter\View\{closure}()
 4 SYSTEMPATH\Common.php(1184): CodeIgniter\View\View->render('Film/index', [], true)
 5 APPPATH\Controllers\Film.php(22): view('Film/index', [...])
 6 SYSTEMPATH\CodeIgniter.php(934): App\Controllers\Film->index()
 7 SYSTEMPATH\CodeIgniter.php(499): CodeIgniter\CodeIgniter->runController(Object(App\Controllers\Film))
 8 SYSTEMPATH\CodeIgniter.php(368): CodeIgniter\CodeIgniter->handleRequest(null, Object(Config\Cache), false)
 9 FCPATH\index.php(67): CodeIgniter\CodeIgniter->run()
10 SYSTEMPATH\Commands\Server\rewrite.php(47): require_once('C:\\xampp\\htdocs\\MI4B\\public\\index.php')
CRITICAL - 2023-06-14 04:36:35 --> Undefined variable: i
in APPPATH\Views\Film\index.php on line 48.
 1 APPPATH\Views\Film\index.php(48): CodeIgniter\Debug\Exceptions->errorHandler(8, 'Undefined variable: i', 'C:\\xampp\\htdocs\\MI4B\\app\\Views\\Film\\index.php', 48, [...])
 2 SYSTEMPATH\View\View.php(213): include('C:\\xampp\\htdocs\\MI4B\\app\\Views\\Film\\index.php')
 3 SYSTEMPATH\View\View.php(216): CodeIgniter\View\View->CodeIgniter\View\{closure}()
 4 SYSTEMPATH\Common.php(1184): CodeIgniter\View\View->render('Film/index', [], true)
 5 APPPATH\Controllers\Film.php(22): view('Film/index', [...])
 6 SYSTEMPATH\CodeIgniter.php(934): App\Controllers\Film->index()
 7 SYSTEMPATH\CodeIgniter.php(499): CodeIgniter\CodeIgniter->runController(Object(App\Controllers\Film))
 8 SYSTEMPATH\CodeIgniter.php(368): CodeIgniter\CodeIgniter->handleRequest(null, Object(Config\Cache), false)
 9 FCPATH\index.php(67): CodeIgniter\CodeIgniter->run()
10 SYSTEMPATH\Commands\Server\rewrite.php(47): require_once('C:\\xampp\\htdocs\\MI4B\\public\\index.php')
